have_func: checking for rb_absint_size()... -------------------- yes

DYLD_LIBRARY_PATH=.:/Users/unkod/.rbenv/versions/3.4.5/lib ASAN_OPTIONS=detect_leaks=0 "clang -o conftest -I/Users/unkod/.rbenv/versions/3.4.5/include/ruby-3.4.0/arm64-darwin24 -I/Users/unkod/.rbenv/versions/3.4.5/include/ruby-3.4.0/ruby/backward -I/Users/unkod/.rbenv/versions/3.4.5/include/ruby-3.4.0 -I. -D_XOPEN_SOURCE -D_DARWIN_C_SOURCE -D_DARWIN_UNLIMITED_SELECT -D_REENTRANT   -fstack-protector-strong -U_FORTIFY_SOURCE -D_FORTIFY_SOURCE=2 -fdeclspec  -O3 -fno-fast-math -ggdb3 -Wall -Wextra -Wextra-tokens -Wdeprecated-declarations -Wdivision-by-zero -Wdiv-by-zero -Wimplicit-function-declaration -Wimplicit-int -Wpointer-arith -Wshorten-64-to-32 -Wwrite-strings -Wold-style-definition -Wmissing-noreturn -Wno-cast-function-type -Wno-constant-logical-operand -Wno-long-long -Wno-missing-field-initializers -Wno-overlength-strings -Wno-parentheses-equality -Wno-self-assign -Wno-tautological-compare -Wno-unused-parameter -Wno-unused-value -Wunused-variable -Wmisleading-indentation -Wundef -fno-common -pipe conftest.c -L. -L/Users/unkod/.rbenv/versions/3.4.5/lib -L/usr/local/opt/openssl/lib  -arch arm64   -lruby.3.4  -lpthread  "
ld: warning: search path '/usr/local/opt/openssl/lib' not found
checked program was:
/* begin */
1: #include "ruby.h"
2: 
3: int main(int argc, char **argv)
4: {
5:   return !!argv[argc];
6: }
/* end */

DYLD_LIBRARY_PATH=.:/Users/unkod/.rbenv/versions/3.4.5/lib ASAN_OPTIONS=detect_leaks=0 "clang -o conftest -I/Users/unkod/.rbenv/versions/3.4.5/include/ruby-3.4.0/arm64-darwin24 -I/Users/unkod/.rbenv/versions/3.4.5/include/ruby-3.4.0/ruby/backward -I/Users/unkod/.rbenv/versions/3.4.5/include/ruby-3.4.0 -I. -D_XOPEN_SOURCE -D_DARWIN_C_SOURCE -D_DARWIN_UNLIMITED_SELECT -D_REENTRANT   -fstack-protector-strong -U_FORTIFY_SOURCE -D_FORTIFY_SOURCE=2 -fdeclspec  -O3 -fno-fast-math -ggdb3 -Wall -Wextra -Wextra-tokens -Wdeprecated-declarations -Wdivision-by-zero -Wdiv-by-zero -Wimplicit-function-declaration -Wimplicit-int -Wpointer-arith -Wshorten-64-to-32 -Wwrite-strings -Wold-style-definition -Wmissing-noreturn -Wno-cast-function-type -Wno-constant-logical-operand -Wno-long-long -Wno-missing-field-initializers -Wno-overlength-strings -Wno-parentheses-equality -Wno-self-assign -Wno-tautological-compare -Wno-unused-parameter -Wno-unused-value -Wunused-variable -Wmisleading-indentation -Wundef -fno-common -pipe conftest.c -L. -L/Users/unkod/.rbenv/versions/3.4.5/lib -L/usr/local/opt/openssl/lib  -arch arm64   -lruby.3.4  -lpthread  "
ld: warning: search path '/usr/local/opt/openssl/lib' not found
checked program was:
/* begin */
 1: #include "ruby.h"
 2: 
 3: /*top*/
 4: extern int t(void);
 5: int main(int argc, char **argv)
 6: {
 7:   if (argc > 1000000) {
 8:     int (* volatile tp)(void)=(int (*)(void))&t;
 9:     printf("%d", (*tp)());
10:   }
11: 
12:   return !!argv[argc];
13: }
14: int t(void) { void ((*volatile p)()); p = (void ((*)()))rb_absint_size; return !p; }
/* end */

--------------------

have_func: checking for rb_absint_singlebit_p()... -------------------- yes

DYLD_LIBRARY_PATH=.:/Users/unkod/.rbenv/versions/3.4.5/lib ASAN_OPTIONS=detect_leaks=0 "clang -o conftest -I/Users/unkod/.rbenv/versions/3.4.5/include/ruby-3.4.0/arm64-darwin24 -I/Users/unkod/.rbenv/versions/3.4.5/include/ruby-3.4.0/ruby/backward -I/Users/unkod/.rbenv/versions/3.4.5/include/ruby-3.4.0 -I. -D_XOPEN_SOURCE -D_DARWIN_C_SOURCE -D_DARWIN_UNLIMITED_SELECT -D_REENTRANT   -fstack-protector-strong -U_FORTIFY_SOURCE -D_FORTIFY_SOURCE=2 -fdeclspec  -O3 -fno-fast-math -ggdb3 -Wall -Wextra -Wextra-tokens -Wdeprecated-declarations -Wdivision-by-zero -Wdiv-by-zero -Wimplicit-function-declaration -Wimplicit-int -Wpointer-arith -Wshorten-64-to-32 -Wwrite-strings -Wold-style-definition -Wmissing-noreturn -Wno-cast-function-type -Wno-constant-logical-operand -Wno-long-long -Wno-missing-field-initializers -Wno-overlength-strings -Wno-parentheses-equality -Wno-self-assign -Wno-tautological-compare -Wno-unused-parameter -Wno-unused-value -Wunused-variable -Wmisleading-indentation -Wundef -fno-common -pipe conftest.c -L. -L/Users/unkod/.rbenv/versions/3.4.5/lib -L/usr/local/opt/openssl/lib  -arch arm64   -lruby.3.4  -lpthread  "
ld: warning: search path '/usr/local/opt/openssl/lib' not found
checked program was:
/* begin */
 1: #include "ruby.h"
 2: 
 3: /*top*/
 4: extern int t(void);
 5: int main(int argc, char **argv)
 6: {
 7:   if (argc > 1000000) {
 8:     int (* volatile tp)(void)=(int (*)(void))&t;
 9:     printf("%d", (*tp)());
10:   }
11: 
12:   return !!argv[argc];
13: }
14: int t(void) { void ((*volatile p)()); p = (void ((*)()))rb_absint_singlebit_p; return !p; }
/* end */

--------------------

have_func: checking for rb_gc_mark_movable()... -------------------- yes

DYLD_LIBRARY_PATH=.:/Users/unkod/.rbenv/versions/3.4.5/lib ASAN_OPTIONS=detect_leaks=0 "clang -o conftest -I/Users/unkod/.rbenv/versions/3.4.5/include/ruby-3.4.0/arm64-darwin24 -I/Users/unkod/.rbenv/versions/3.4.5/include/ruby-3.4.0/ruby/backward -I/Users/unkod/.rbenv/versions/3.4.5/include/ruby-3.4.0 -I. -D_XOPEN_SOURCE -D_DARWIN_C_SOURCE -D_DARWIN_UNLIMITED_SELECT -D_REENTRANT   -fstack-protector-strong -U_FORTIFY_SOURCE -D_FORTIFY_SOURCE=2 -fdeclspec  -O3 -fno-fast-math -ggdb3 -Wall -Wextra -Wextra-tokens -Wdeprecated-declarations -Wdivision-by-zero -Wdiv-by-zero -Wimplicit-function-declaration -Wimplicit-int -Wpointer-arith -Wshorten-64-to-32 -Wwrite-strings -Wold-style-definition -Wmissing-noreturn -Wno-cast-function-type -Wno-constant-logical-operand -Wno-long-long -Wno-missing-field-initializers -Wno-overlength-strings -Wno-parentheses-equality -Wno-self-assign -Wno-tautological-compare -Wno-unused-parameter -Wno-unused-value -Wunused-variable -Wmisleading-indentation -Wundef -fno-common -pipe conftest.c -L. -L/Users/unkod/.rbenv/versions/3.4.5/lib -L/usr/local/opt/openssl/lib  -arch arm64   -lruby.3.4  -lpthread  "
ld: warning: search path '/usr/local/opt/openssl/lib' not found
checked program was:
/* begin */
 1: #include "ruby.h"
 2: 
 3: /*top*/
 4: extern int t(void);
 5: int main(int argc, char **argv)
 6: {
 7:   if (argc > 1000000) {
 8:     int (* volatile tp)(void)=(int (*)(void))&t;
 9:     printf("%d", (*tp)());
10:   }
11: 
12:   return !!argv[argc];
13: }
14: int t(void) { void ((*volatile p)()); p = (void ((*)()))rb_gc_mark_movable; return !p; }
/* end */

--------------------

have_func: checking for rb_wait_for_single_fd()... -------------------- yes

DYLD_LIBRARY_PATH=.:/Users/unkod/.rbenv/versions/3.4.5/lib ASAN_OPTIONS=detect_leaks=0 "clang -o conftest -I/Users/unkod/.rbenv/versions/3.4.5/include/ruby-3.4.0/arm64-darwin24 -I/Users/unkod/.rbenv/versions/3.4.5/include/ruby-3.4.0/ruby/backward -I/Users/unkod/.rbenv/versions/3.4.5/include/ruby-3.4.0 -I. -D_XOPEN_SOURCE -D_DARWIN_C_SOURCE -D_DARWIN_UNLIMITED_SELECT -D_REENTRANT   -fstack-protector-strong -U_FORTIFY_SOURCE -D_FORTIFY_SOURCE=2 -fdeclspec  -O3 -fno-fast-math -ggdb3 -Wall -Wextra -Wextra-tokens -Wdeprecated-declarations -Wdivision-by-zero -Wdiv-by-zero -Wimplicit-function-declaration -Wimplicit-int -Wpointer-arith -Wshorten-64-to-32 -Wwrite-strings -Wold-style-definition -Wmissing-noreturn -Wno-cast-function-type -Wno-constant-logical-operand -Wno-long-long -Wno-missing-field-initializers -Wno-overlength-strings -Wno-parentheses-equality -Wno-self-assign -Wno-tautological-compare -Wno-unused-parameter -Wno-unused-value -Wunused-variable -Wmisleading-indentation -Wundef -fno-common -pipe conftest.c -L. -L/Users/unkod/.rbenv/versions/3.4.5/lib -L/usr/local/opt/openssl/lib  -arch arm64   -lruby.3.4  -lpthread  "
conftest.c:14:57: error: use of undeclared identifier 'rb_wait_for_single_fd'
   14 | int t(void) { void ((*volatile p)()); p = (void ((*)()))rb_wait_for_single_fd; return !p; }
      |                                                         ^
1 error generated.
checked program was:
/* begin */
 1: #include "ruby.h"
 2: 
 3: /*top*/
 4: extern int t(void);
 5: int main(int argc, char **argv)
 6: {
 7:   if (argc > 1000000) {
 8:     int (* volatile tp)(void)=(int (*)(void))&t;
 9:     printf("%d", (*tp)());
10:   }
11: 
12:   return !!argv[argc];
13: }
14: int t(void) { void ((*volatile p)()); p = (void ((*)()))rb_wait_for_single_fd; return !p; }
/* end */

DYLD_LIBRARY_PATH=.:/Users/unkod/.rbenv/versions/3.4.5/lib ASAN_OPTIONS=detect_leaks=0 "clang -o conftest -I/Users/unkod/.rbenv/versions/3.4.5/include/ruby-3.4.0/arm64-darwin24 -I/Users/unkod/.rbenv/versions/3.4.5/include/ruby-3.4.0/ruby/backward -I/Users/unkod/.rbenv/versions/3.4.5/include/ruby-3.4.0 -I. -D_XOPEN_SOURCE -D_DARWIN_C_SOURCE -D_DARWIN_UNLIMITED_SELECT -D_REENTRANT   -fstack-protector-strong -U_FORTIFY_SOURCE -D_FORTIFY_SOURCE=2 -fdeclspec  -O3 -fno-fast-math -ggdb3 -Wall -Wextra -Wextra-tokens -Wdeprecated-declarations -Wdivision-by-zero -Wdiv-by-zero -Wimplicit-function-declaration -Wimplicit-int -Wpointer-arith -Wshorten-64-to-32 -Wwrite-strings -Wold-style-definition -Wmissing-noreturn -Wno-cast-function-type -Wno-constant-logical-operand -Wno-long-long -Wno-missing-field-initializers -Wno-overlength-strings -Wno-parentheses-equality -Wno-self-assign -Wno-tautological-compare -Wno-unused-parameter -Wno-unused-value -Wunused-variable -Wmisleading-indentation -Wundef -fno-common -pipe conftest.c -L. -L/Users/unkod/.rbenv/versions/3.4.5/lib -L/usr/local/opt/openssl/lib  -arch arm64   -lruby.3.4  -lpthread  "
ld: warning: search path '/usr/local/opt/openssl/lib' not found
checked program was:
/* begin */
 1: #include "ruby.h"
 2: 
 3: /*top*/
 4: extern int t(void);
 5: int main(int argc, char **argv)
 6: {
 7:   if (argc > 1000000) {
 8:     int (* volatile tp)(void)=(int (*)(void))&t;
 9:     printf("%d", (*tp)());
10:   }
11: 
12:   return !!argv[argc];
13: }
14: extern void rb_wait_for_single_fd();
15: int t(void) { rb_wait_for_single_fd(); return 0; }
/* end */

--------------------

have_func: checking for rb_enc_interned_str() in ruby.h... -------------------- yes

DYLD_LIBRARY_PATH=.:/Users/unkod/.rbenv/versions/3.4.5/lib ASAN_OPTIONS=detect_leaks=0 "clang -o conftest -I/Users/unkod/.rbenv/versions/3.4.5/include/ruby-3.4.0/arm64-darwin24 -I/Users/unkod/.rbenv/versions/3.4.5/include/ruby-3.4.0/ruby/backward -I/Users/unkod/.rbenv/versions/3.4.5/include/ruby-3.4.0 -I. -D_XOPEN_SOURCE -D_DARWIN_C_SOURCE -D_DARWIN_UNLIMITED_SELECT -D_REENTRANT   -fstack-protector-strong -U_FORTIFY_SOURCE -D_FORTIFY_SOURCE=2 -fdeclspec  -O3 -fno-fast-math -ggdb3 -Wall -Wextra -Wextra-tokens -Wdeprecated-declarations -Wdivision-by-zero -Wdiv-by-zero -Wimplicit-function-declaration -Wimplicit-int -Wpointer-arith -Wshorten-64-to-32 -Wwrite-strings -Wold-style-definition -Wmissing-noreturn -Wno-cast-function-type -Wno-constant-logical-operand -Wno-long-long -Wno-missing-field-initializers -Wno-overlength-strings -Wno-parentheses-equality -Wno-self-assign -Wno-tautological-compare -Wno-unused-parameter -Wno-unused-value -Wunused-variable -Wmisleading-indentation -Wundef -fno-common -pipe conftest.c -L. -L/Users/unkod/.rbenv/versions/3.4.5/lib -L/usr/local/opt/openssl/lib  -arch arm64   -lruby.3.4  -lpthread  "
conftest.c:16:57: error: use of undeclared identifier 'rb_enc_interned_str'
   16 | int t(void) { void ((*volatile p)()); p = (void ((*)()))rb_enc_interned_str; return !p; }
      |                                                         ^
1 error generated.
checked program was:
/* begin */
 1: #include "ruby.h"
 2: 
 3: #include <ruby.h>
 4: 
 5: /*top*/
 6: extern int t(void);
 7: int main(int argc, char **argv)
 8: {
 9:   if (argc > 1000000) {
10:     int (* volatile tp)(void)=(int (*)(void))&t;
11:     printf("%d", (*tp)());
12:   }
13: 
14:   return !!argv[argc];
15: }
16: int t(void) { void ((*volatile p)()); p = (void ((*)()))rb_enc_interned_str; return !p; }
/* end */

DYLD_LIBRARY_PATH=.:/Users/unkod/.rbenv/versions/3.4.5/lib ASAN_OPTIONS=detect_leaks=0 "clang -o conftest -I/Users/unkod/.rbenv/versions/3.4.5/include/ruby-3.4.0/arm64-darwin24 -I/Users/unkod/.rbenv/versions/3.4.5/include/ruby-3.4.0/ruby/backward -I/Users/unkod/.rbenv/versions/3.4.5/include/ruby-3.4.0 -I. -D_XOPEN_SOURCE -D_DARWIN_C_SOURCE -D_DARWIN_UNLIMITED_SELECT -D_REENTRANT   -fstack-protector-strong -U_FORTIFY_SOURCE -D_FORTIFY_SOURCE=2 -fdeclspec  -O3 -fno-fast-math -ggdb3 -Wall -Wextra -Wextra-tokens -Wdeprecated-declarations -Wdivision-by-zero -Wdiv-by-zero -Wimplicit-function-declaration -Wimplicit-int -Wpointer-arith -Wshorten-64-to-32 -Wwrite-strings -Wold-style-definition -Wmissing-noreturn -Wno-cast-function-type -Wno-constant-logical-operand -Wno-long-long -Wno-missing-field-initializers -Wno-overlength-strings -Wno-parentheses-equality -Wno-self-assign -Wno-tautological-compare -Wno-unused-parameter -Wno-unused-value -Wunused-variable -Wmisleading-indentation -Wundef -fno-common -pipe conftest.c -L. -L/Users/unkod/.rbenv/versions/3.4.5/lib -L/usr/local/opt/openssl/lib  -arch arm64   -lruby.3.4  -lpthread  "
ld: warning: search path '/usr/local/opt/openssl/lib' not found
checked program was:
/* begin */
 1: #include "ruby.h"
 2: 
 3: #include <ruby.h>
 4: 
 5: /*top*/
 6: extern int t(void);
 7: int main(int argc, char **argv)
 8: {
 9:   if (argc > 1000000) {
10:     int (* volatile tp)(void)=(int (*)(void))&t;
11:     printf("%d", (*tp)());
12:   }
13: 
14:   return !!argv[argc];
15: }
16: extern void rb_enc_interned_str();
17: int t(void) { rb_enc_interned_str(); return 0; }
/* end */

--------------------

have_header: checking for mysql.h... -------------------- yes

DYLD_LIBRARY_PATH=.:/Users/unkod/.rbenv/versions/3.4.5/lib ASAN_OPTIONS=detect_leaks=0 "clang -I/Users/unkod/.rbenv/versions/3.4.5/include/ruby-3.4.0/arm64-darwin24 -I/Users/unkod/.rbenv/versions/3.4.5/include/ruby-3.4.0/ruby/backward -I/Users/unkod/.rbenv/versions/3.4.5/include/ruby-3.4.0 -I. -I/opt/homebrew/Cellar/mysql/9.4.0/include/mysql -I/opt/homebrew/opt/openssl@3/include -D_XOPEN_SOURCE -D_DARWIN_C_SOURCE -D_DARWIN_UNLIMITED_SELECT -D_REENTRANT   -fstack-protector-strong -U_FORTIFY_SOURCE -D_FORTIFY_SOURCE=2 -fdeclspec  -O3 -fno-fast-math -ggdb3 -Wall -Wextra -Wextra-tokens -Wdeprecated-declarations -Wdivision-by-zero -Wdiv-by-zero -Wimplicit-function-declaration -Wimplicit-int -Wpointer-arith -Wshorten-64-to-32 -Wwrite-strings -Wold-style-definition -Wmissing-noreturn -Wno-cast-function-type -Wno-constant-logical-operand -Wno-long-long -Wno-missing-field-initializers -Wno-overlength-strings -Wno-parentheses-equality -Wno-self-assign -Wno-tautological-compare -Wno-unused-parameter -Wno-unused-value -Wunused-variable -Wmisleading-indentation -Wundef -fno-common -pipe -arch arm64  -c conftest.c"
checked program was:
/* begin */
1: #include "ruby.h"
2: 
3: #include <mysql.h>
/* end */

--------------------

have_header: checking for errmsg.h... -------------------- yes

DYLD_LIBRARY_PATH=.:/Users/unkod/.rbenv/versions/3.4.5/lib ASAN_OPTIONS=detect_leaks=0 "clang -I/Users/unkod/.rbenv/versions/3.4.5/include/ruby-3.4.0/arm64-darwin24 -I/Users/unkod/.rbenv/versions/3.4.5/include/ruby-3.4.0/ruby/backward -I/Users/unkod/.rbenv/versions/3.4.5/include/ruby-3.4.0 -I. -I/opt/homebrew/Cellar/mysql/9.4.0/include/mysql -I/opt/homebrew/opt/openssl@3/include -D_XOPEN_SOURCE -D_DARWIN_C_SOURCE -D_DARWIN_UNLIMITED_SELECT -D_REENTRANT   -fstack-protector-strong -U_FORTIFY_SOURCE -D_FORTIFY_SOURCE=2 -fdeclspec  -O3 -fno-fast-math -ggdb3 -Wall -Wextra -Wextra-tokens -Wdeprecated-declarations -Wdivision-by-zero -Wdiv-by-zero -Wimplicit-function-declaration -Wimplicit-int -Wpointer-arith -Wshorten-64-to-32 -Wwrite-strings -Wold-style-definition -Wmissing-noreturn -Wno-cast-function-type -Wno-constant-logical-operand -Wno-long-long -Wno-missing-field-initializers -Wno-overlength-strings -Wno-parentheses-equality -Wno-self-assign -Wno-tautological-compare -Wno-unused-parameter -Wno-unused-value -Wunused-variable -Wmisleading-indentation -Wundef -fno-common -pipe -arch arm64  -c conftest.c"
checked program was:
/* begin */
1: #include "ruby.h"
2: 
3: #include <errmsg.h>
/* end */

--------------------

have_const: checking for SSL_MODE_DISABLED in mysql.h... -------------------- yes

DYLD_LIBRARY_PATH=.:/Users/unkod/.rbenv/versions/3.4.5/lib ASAN_OPTIONS=detect_leaks=0 "clang -I/Users/unkod/.rbenv/versions/3.4.5/include/ruby-3.4.0/arm64-darwin24 -I/Users/unkod/.rbenv/versions/3.4.5/include/ruby-3.4.0/ruby/backward -I/Users/unkod/.rbenv/versions/3.4.5/include/ruby-3.4.0 -I. -I/opt/homebrew/Cellar/mysql/9.4.0/include/mysql -I/opt/homebrew/opt/openssl@3/include -D_XOPEN_SOURCE -D_DARWIN_C_SOURCE -D_DARWIN_UNLIMITED_SELECT -D_REENTRANT   -fstack-protector-strong -U_FORTIFY_SOURCE -D_FORTIFY_SOURCE=2 -fdeclspec  -O3 -fno-fast-math -ggdb3 -Wall -Wextra -Wextra-tokens -Wdeprecated-declarations -Wdivision-by-zero -Wdiv-by-zero -Wimplicit-function-declaration -Wimplicit-int -Wpointer-arith -Wshorten-64-to-32 -Wwrite-strings -Wold-style-definition -Wmissing-noreturn -Wno-cast-function-type -Wno-constant-logical-operand -Wno-long-long -Wno-missing-field-initializers -Wno-overlength-strings -Wno-parentheses-equality -Wno-self-assign -Wno-tautological-compare -Wno-unused-parameter -Wno-unused-value -Wunused-variable -Wmisleading-indentation -Wundef -fno-common -pipe -arch arm64  -c conftest.c"
checked program was:
/* begin */
1: #include "ruby.h"
2: 
3: #include <mysql.h>
4: 
5: /*top*/
6: typedef int conftest_type;
7: conftest_type conftestval = (int)SSL_MODE_DISABLED;
/* end */

--------------------

have_const: checking for SSL_MODE_PREFERRED in mysql.h... -------------------- yes

DYLD_LIBRARY_PATH=.:/Users/unkod/.rbenv/versions/3.4.5/lib ASAN_OPTIONS=detect_leaks=0 "clang -I/Users/unkod/.rbenv/versions/3.4.5/include/ruby-3.4.0/arm64-darwin24 -I/Users/unkod/.rbenv/versions/3.4.5/include/ruby-3.4.0/ruby/backward -I/Users/unkod/.rbenv/versions/3.4.5/include/ruby-3.4.0 -I. -I/opt/homebrew/Cellar/mysql/9.4.0/include/mysql -I/opt/homebrew/opt/openssl@3/include -D_XOPEN_SOURCE -D_DARWIN_C_SOURCE -D_DARWIN_UNLIMITED_SELECT -D_REENTRANT   -fstack-protector-strong -U_FORTIFY_SOURCE -D_FORTIFY_SOURCE=2 -fdeclspec  -O3 -fno-fast-math -ggdb3 -Wall -Wextra -Wextra-tokens -Wdeprecated-declarations -Wdivision-by-zero -Wdiv-by-zero -Wimplicit-function-declaration -Wimplicit-int -Wpointer-arith -Wshorten-64-to-32 -Wwrite-strings -Wold-style-definition -Wmissing-noreturn -Wno-cast-function-type -Wno-constant-logical-operand -Wno-long-long -Wno-missing-field-initializers -Wno-overlength-strings -Wno-parentheses-equality -Wno-self-assign -Wno-tautological-compare -Wno-unused-parameter -Wno-unused-value -Wunused-variable -Wmisleading-indentation -Wundef -fno-common -pipe -arch arm64  -c conftest.c"
checked program was:
/* begin */
1: #include "ruby.h"
2: 
3: #include <mysql.h>
4: 
5: /*top*/
6: typedef int conftest_type;
7: conftest_type conftestval = (int)SSL_MODE_PREFERRED;
/* end */

--------------------

have_const: checking for SSL_MODE_REQUIRED in mysql.h... -------------------- yes

DYLD_LIBRARY_PATH=.:/Users/unkod/.rbenv/versions/3.4.5/lib ASAN_OPTIONS=detect_leaks=0 "clang -I/Users/unkod/.rbenv/versions/3.4.5/include/ruby-3.4.0/arm64-darwin24 -I/Users/unkod/.rbenv/versions/3.4.5/include/ruby-3.4.0/ruby/backward -I/Users/unkod/.rbenv/versions/3.4.5/include/ruby-3.4.0 -I. -I/opt/homebrew/Cellar/mysql/9.4.0/include/mysql -I/opt/homebrew/opt/openssl@3/include -D_XOPEN_SOURCE -D_DARWIN_C_SOURCE -D_DARWIN_UNLIMITED_SELECT -D_REENTRANT   -fstack-protector-strong -U_FORTIFY_SOURCE -D_FORTIFY_SOURCE=2 -fdeclspec  -O3 -fno-fast-math -ggdb3 -Wall -Wextra -Wextra-tokens -Wdeprecated-declarations -Wdivision-by-zero -Wdiv-by-zero -Wimplicit-function-declaration -Wimplicit-int -Wpointer-arith -Wshorten-64-to-32 -Wwrite-strings -Wold-style-definition -Wmissing-noreturn -Wno-cast-function-type -Wno-constant-logical-operand -Wno-long-long -Wno-missing-field-initializers -Wno-overlength-strings -Wno-parentheses-equality -Wno-self-assign -Wno-tautological-compare -Wno-unused-parameter -Wno-unused-value -Wunused-variable -Wmisleading-indentation -Wundef -fno-common -pipe -arch arm64  -c conftest.c"
checked program was:
/* begin */
1: #include "ruby.h"
2: 
3: #include <mysql.h>
4: 
5: /*top*/
6: typedef int conftest_type;
7: conftest_type conftestval = (int)SSL_MODE_REQUIRED;
/* end */

--------------------

have_const: checking for SSL_MODE_VERIFY_CA in mysql.h... -------------------- yes

DYLD_LIBRARY_PATH=.:/Users/unkod/.rbenv/versions/3.4.5/lib ASAN_OPTIONS=detect_leaks=0 "clang -I/Users/unkod/.rbenv/versions/3.4.5/include/ruby-3.4.0/arm64-darwin24 -I/Users/unkod/.rbenv/versions/3.4.5/include/ruby-3.4.0/ruby/backward -I/Users/unkod/.rbenv/versions/3.4.5/include/ruby-3.4.0 -I. -I/opt/homebrew/Cellar/mysql/9.4.0/include/mysql -I/opt/homebrew/opt/openssl@3/include -D_XOPEN_SOURCE -D_DARWIN_C_SOURCE -D_DARWIN_UNLIMITED_SELECT -D_REENTRANT   -fstack-protector-strong -U_FORTIFY_SOURCE -D_FORTIFY_SOURCE=2 -fdeclspec  -O3 -fno-fast-math -ggdb3 -Wall -Wextra -Wextra-tokens -Wdeprecated-declarations -Wdivision-by-zero -Wdiv-by-zero -Wimplicit-function-declaration -Wimplicit-int -Wpointer-arith -Wshorten-64-to-32 -Wwrite-strings -Wold-style-definition -Wmissing-noreturn -Wno-cast-function-type -Wno-constant-logical-operand -Wno-long-long -Wno-missing-field-initializers -Wno-overlength-strings -Wno-parentheses-equality -Wno-self-assign -Wno-tautological-compare -Wno-unused-parameter -Wno-unused-value -Wunused-variable -Wmisleading-indentation -Wundef -fno-common -pipe -arch arm64  -c conftest.c"
checked program was:
/* begin */
1: #include "ruby.h"
2: 
3: #include <mysql.h>
4: 
5: /*top*/
6: typedef int conftest_type;
7: conftest_type conftestval = (int)SSL_MODE_VERIFY_CA;
/* end */

--------------------

have_const: checking for SSL_MODE_VERIFY_IDENTITY in mysql.h... -------------------- yes

DYLD_LIBRARY_PATH=.:/Users/unkod/.rbenv/versions/3.4.5/lib ASAN_OPTIONS=detect_leaks=0 "clang -I/Users/unkod/.rbenv/versions/3.4.5/include/ruby-3.4.0/arm64-darwin24 -I/Users/unkod/.rbenv/versions/3.4.5/include/ruby-3.4.0/ruby/backward -I/Users/unkod/.rbenv/versions/3.4.5/include/ruby-3.4.0 -I. -I/opt/homebrew/Cellar/mysql/9.4.0/include/mysql -I/opt/homebrew/opt/openssl@3/include -D_XOPEN_SOURCE -D_DARWIN_C_SOURCE -D_DARWIN_UNLIMITED_SELECT -D_REENTRANT   -fstack-protector-strong -U_FORTIFY_SOURCE -D_FORTIFY_SOURCE=2 -fdeclspec  -O3 -fno-fast-math -ggdb3 -Wall -Wextra -Wextra-tokens -Wdeprecated-declarations -Wdivision-by-zero -Wdiv-by-zero -Wimplicit-function-declaration -Wimplicit-int -Wpointer-arith -Wshorten-64-to-32 -Wwrite-strings -Wold-style-definition -Wmissing-noreturn -Wno-cast-function-type -Wno-constant-logical-operand -Wno-long-long -Wno-missing-field-initializers -Wno-overlength-strings -Wno-parentheses-equality -Wno-self-assign -Wno-tautological-compare -Wno-unused-parameter -Wno-unused-value -Wunused-variable -Wmisleading-indentation -Wundef -fno-common -pipe -arch arm64  -c conftest.c"
checked program was:
/* begin */
1: #include "ruby.h"
2: 
3: #include <mysql.h>
4: 
5: /*top*/
6: typedef int conftest_type;
7: conftest_type conftestval = (int)SSL_MODE_VERIFY_IDENTITY;
/* end */

--------------------

have_struct_member: checking for MYSQL.net.vio in mysql.h... -------------------- yes

DYLD_LIBRARY_PATH=.:/Users/unkod/.rbenv/versions/3.4.5/lib ASAN_OPTIONS=detect_leaks=0 "clang -I/Users/unkod/.rbenv/versions/3.4.5/include/ruby-3.4.0/arm64-darwin24 -I/Users/unkod/.rbenv/versions/3.4.5/include/ruby-3.4.0/ruby/backward -I/Users/unkod/.rbenv/versions/3.4.5/include/ruby-3.4.0 -I. -I/opt/homebrew/Cellar/mysql/9.4.0/include/mysql -I/opt/homebrew/opt/openssl@3/include -D_XOPEN_SOURCE -D_DARWIN_C_SOURCE -D_DARWIN_UNLIMITED_SELECT -D_REENTRANT   -fstack-protector-strong -U_FORTIFY_SOURCE -D_FORTIFY_SOURCE=2 -fdeclspec  -O3 -fno-fast-math -ggdb3 -Wall -Wextra -Wextra-tokens -Wdeprecated-declarations -Wdivision-by-zero -Wdiv-by-zero -Wimplicit-function-declaration -Wimplicit-int -Wpointer-arith -Wshorten-64-to-32 -Wwrite-strings -Wold-style-definition -Wmissing-noreturn -Wno-cast-function-type -Wno-constant-logical-operand -Wno-long-long -Wno-missing-field-initializers -Wno-overlength-strings -Wno-parentheses-equality -Wno-self-assign -Wno-tautological-compare -Wno-unused-parameter -Wno-unused-value -Wunused-variable -Wmisleading-indentation -Wundef -fno-common -pipe -DFULL_SSL_MODE_SUPPORT -arch arm64  -c conftest.c"
conftest.c:6:39: warning: performing pointer subtraction with a null pointer has undefined behavior [-Wnull-pointer-subtraction]
    6 | int s = (char *)&((MYSQL*)0)->net.vio - (char *)0;
      |                                       ^ ~~~~~~~~~
1 warning generated.
checked program was:
/* begin */
 1: #include "ruby.h"
 2: 
 3: #include <mysql.h>
 4: 
 5: /*top*/
 6: int s = (char *)&((MYSQL*)0)->net.vio - (char *)0;
 7: int main(int argc, char **argv)
 8: {
 9:   return !!argv[argc];
10: }
/* end */

--------------------

have_struct_member: checking for MYSQL.net.pvio in mysql.h... -------------------- no

DYLD_LIBRARY_PATH=.:/Users/unkod/.rbenv/versions/3.4.5/lib ASAN_OPTIONS=detect_leaks=0 "clang -I/Users/unkod/.rbenv/versions/3.4.5/include/ruby-3.4.0/arm64-darwin24 -I/Users/unkod/.rbenv/versions/3.4.5/include/ruby-3.4.0/ruby/backward -I/Users/unkod/.rbenv/versions/3.4.5/include/ruby-3.4.0 -I. -I/opt/homebrew/Cellar/mysql/9.4.0/include/mysql -I/opt/homebrew/opt/openssl@3/include -D_XOPEN_SOURCE -D_DARWIN_C_SOURCE -D_DARWIN_UNLIMITED_SELECT -D_REENTRANT   -fstack-protector-strong -U_FORTIFY_SOURCE -D_FORTIFY_SOURCE=2 -fdeclspec  -O3 -fno-fast-math -ggdb3 -Wall -Wextra -Wextra-tokens -Wdeprecated-declarations -Wdivision-by-zero -Wdiv-by-zero -Wimplicit-function-declaration -Wimplicit-int -Wpointer-arith -Wshorten-64-to-32 -Wwrite-strings -Wold-style-definition -Wmissing-noreturn -Wno-cast-function-type -Wno-constant-logical-operand -Wno-long-long -Wno-missing-field-initializers -Wno-overlength-strings -Wno-parentheses-equality -Wno-self-assign -Wno-tautological-compare -Wno-unused-parameter -Wno-unused-value -Wunused-variable -Wmisleading-indentation -Wundef -fno-common -pipe -DFULL_SSL_MODE_SUPPORT -arch arm64  -c conftest.c"
conftest.c:6:35: error: no member named 'pvio' in 'struct NET'; did you mean 'vio'?
    6 | int s = (char *)&((MYSQL*)0)->net.pvio - (char *)0;
      |                                   ^~~~
      |                                   vio
/opt/homebrew/Cellar/mysql/9.4.0/include/mysql/mysql_com.h:917:13: note: 'vio' declared here
  917 |   MYSQL_VIO vio;
      |             ^
conftest.c:6:40: warning: performing pointer subtraction with a null pointer has undefined behavior [-Wnull-pointer-subtraction]
    6 | int s = (char *)&((MYSQL*)0)->net.pvio - (char *)0;
      |                                        ^ ~~~~~~~~~
1 warning and 1 error generated.
checked program was:
/* begin */
 1: #include "ruby.h"
 2: 
 3: #include <mysql.h>
 4: 
 5: /*top*/
 6: int s = (char *)&((MYSQL*)0)->net.pvio - (char *)0;
 7: int main(int argc, char **argv)
 8: {
 9:   return !!argv[argc];
10: }
/* end */

--------------------

have_const: checking for MYSQL_DEFAULT_AUTH in mysql.h... -------------------- yes

DYLD_LIBRARY_PATH=.:/Users/unkod/.rbenv/versions/3.4.5/lib ASAN_OPTIONS=detect_leaks=0 "clang -I/Users/unkod/.rbenv/versions/3.4.5/include/ruby-3.4.0/arm64-darwin24 -I/Users/unkod/.rbenv/versions/3.4.5/include/ruby-3.4.0/ruby/backward -I/Users/unkod/.rbenv/versions/3.4.5/include/ruby-3.4.0 -I. -I/opt/homebrew/Cellar/mysql/9.4.0/include/mysql -I/opt/homebrew/opt/openssl@3/include -D_XOPEN_SOURCE -D_DARWIN_C_SOURCE -D_DARWIN_UNLIMITED_SELECT -D_REENTRANT   -fstack-protector-strong -U_FORTIFY_SOURCE -D_FORTIFY_SOURCE=2 -fdeclspec  -O3 -fno-fast-math -ggdb3 -Wall -Wextra -Wextra-tokens -Wdeprecated-declarations -Wdivision-by-zero -Wdiv-by-zero -Wimplicit-function-declaration -Wimplicit-int -Wpointer-arith -Wshorten-64-to-32 -Wwrite-strings -Wold-style-definition -Wmissing-noreturn -Wno-cast-function-type -Wno-constant-logical-operand -Wno-long-long -Wno-missing-field-initializers -Wno-overlength-strings -Wno-parentheses-equality -Wno-self-assign -Wno-tautological-compare -Wno-unused-parameter -Wno-unused-value -Wunused-variable -Wmisleading-indentation -Wundef -fno-common -pipe -DFULL_SSL_MODE_SUPPORT -arch arm64  -c conftest.c"
checked program was:
/* begin */
1: #include "ruby.h"
2: 
3: #include <mysql.h>
4: 
5: /*top*/
6: typedef int conftest_type;
7: conftest_type conftestval = (int)MYSQL_DEFAULT_AUTH;
/* end */

--------------------

have_const: checking for MYSQL_ENABLE_CLEARTEXT_PLUGIN in mysql.h... -------------------- yes

DYLD_LIBRARY_PATH=.:/Users/unkod/.rbenv/versions/3.4.5/lib ASAN_OPTIONS=detect_leaks=0 "clang -I/Users/unkod/.rbenv/versions/3.4.5/include/ruby-3.4.0/arm64-darwin24 -I/Users/unkod/.rbenv/versions/3.4.5/include/ruby-3.4.0/ruby/backward -I/Users/unkod/.rbenv/versions/3.4.5/include/ruby-3.4.0 -I. -I/opt/homebrew/Cellar/mysql/9.4.0/include/mysql -I/opt/homebrew/opt/openssl@3/include -D_XOPEN_SOURCE -D_DARWIN_C_SOURCE -D_DARWIN_UNLIMITED_SELECT -D_REENTRANT   -fstack-protector-strong -U_FORTIFY_SOURCE -D_FORTIFY_SOURCE=2 -fdeclspec  -O3 -fno-fast-math -ggdb3 -Wall -Wextra -Wextra-tokens -Wdeprecated-declarations -Wdivision-by-zero -Wdiv-by-zero -Wimplicit-function-declaration -Wimplicit-int -Wpointer-arith -Wshorten-64-to-32 -Wwrite-strings -Wold-style-definition -Wmissing-noreturn -Wno-cast-function-type -Wno-constant-logical-operand -Wno-long-long -Wno-missing-field-initializers -Wno-overlength-strings -Wno-parentheses-equality -Wno-self-assign -Wno-tautological-compare -Wno-unused-parameter -Wno-unused-value -Wunused-variable -Wmisleading-indentation -Wundef -fno-common -pipe -DFULL_SSL_MODE_SUPPORT -arch arm64  -c conftest.c"
checked program was:
/* begin */
1: #include "ruby.h"
2: 
3: #include <mysql.h>
4: 
5: /*top*/
6: typedef int conftest_type;
7: conftest_type conftestval = (int)MYSQL_ENABLE_CLEARTEXT_PLUGIN;
/* end */

--------------------

have_const: checking for SERVER_QUERY_NO_GOOD_INDEX_USED in mysql.h... -------------------- yes

DYLD_LIBRARY_PATH=.:/Users/unkod/.rbenv/versions/3.4.5/lib ASAN_OPTIONS=detect_leaks=0 "clang -I/Users/unkod/.rbenv/versions/3.4.5/include/ruby-3.4.0/arm64-darwin24 -I/Users/unkod/.rbenv/versions/3.4.5/include/ruby-3.4.0/ruby/backward -I/Users/unkod/.rbenv/versions/3.4.5/include/ruby-3.4.0 -I. -I/opt/homebrew/Cellar/mysql/9.4.0/include/mysql -I/opt/homebrew/opt/openssl@3/include -D_XOPEN_SOURCE -D_DARWIN_C_SOURCE -D_DARWIN_UNLIMITED_SELECT -D_REENTRANT   -fstack-protector-strong -U_FORTIFY_SOURCE -D_FORTIFY_SOURCE=2 -fdeclspec  -O3 -fno-fast-math -ggdb3 -Wall -Wextra -Wextra-tokens -Wdeprecated-declarations -Wdivision-by-zero -Wdiv-by-zero -Wimplicit-function-declaration -Wimplicit-int -Wpointer-arith -Wshorten-64-to-32 -Wwrite-strings -Wold-style-definition -Wmissing-noreturn -Wno-cast-function-type -Wno-constant-logical-operand -Wno-long-long -Wno-missing-field-initializers -Wno-overlength-strings -Wno-parentheses-equality -Wno-self-assign -Wno-tautological-compare -Wno-unused-parameter -Wno-unused-value -Wunused-variable -Wmisleading-indentation -Wundef -fno-common -pipe -DFULL_SSL_MODE_SUPPORT -arch arm64  -c conftest.c"
checked program was:
/* begin */
1: #include "ruby.h"
2: 
3: #include <mysql.h>
4: 
5: /*top*/
6: typedef int conftest_type;
7: conftest_type conftestval = (int)SERVER_QUERY_NO_GOOD_INDEX_USED;
/* end */

--------------------

have_const: checking for SERVER_QUERY_NO_INDEX_USED in mysql.h... -------------------- yes

DYLD_LIBRARY_PATH=.:/Users/unkod/.rbenv/versions/3.4.5/lib ASAN_OPTIONS=detect_leaks=0 "clang -I/Users/unkod/.rbenv/versions/3.4.5/include/ruby-3.4.0/arm64-darwin24 -I/Users/unkod/.rbenv/versions/3.4.5/include/ruby-3.4.0/ruby/backward -I/Users/unkod/.rbenv/versions/3.4.5/include/ruby-3.4.0 -I. -I/opt/homebrew/Cellar/mysql/9.4.0/include/mysql -I/opt/homebrew/opt/openssl@3/include -D_XOPEN_SOURCE -D_DARWIN_C_SOURCE -D_DARWIN_UNLIMITED_SELECT -D_REENTRANT   -fstack-protector-strong -U_FORTIFY_SOURCE -D_FORTIFY_SOURCE=2 -fdeclspec  -O3 -fno-fast-math -ggdb3 -Wall -Wextra -Wextra-tokens -Wdeprecated-declarations -Wdivision-by-zero -Wdiv-by-zero -Wimplicit-function-declaration -Wimplicit-int -Wpointer-arith -Wshorten-64-to-32 -Wwrite-strings -Wold-style-definition -Wmissing-noreturn -Wno-cast-function-type -Wno-constant-logical-operand -Wno-long-long -Wno-missing-field-initializers -Wno-overlength-strings -Wno-parentheses-equality -Wno-self-assign -Wno-tautological-compare -Wno-unused-parameter -Wno-unused-value -Wunused-variable -Wmisleading-indentation -Wundef -fno-common -pipe -DFULL_SSL_MODE_SUPPORT -arch arm64  -c conftest.c"
checked program was:
/* begin */
1: #include "ruby.h"
2: 
3: #include <mysql.h>
4: 
5: /*top*/
6: typedef int conftest_type;
7: conftest_type conftestval = (int)SERVER_QUERY_NO_INDEX_USED;
/* end */

--------------------

have_const: checking for SERVER_QUERY_WAS_SLOW in mysql.h... -------------------- yes

DYLD_LIBRARY_PATH=.:/Users/unkod/.rbenv/versions/3.4.5/lib ASAN_OPTIONS=detect_leaks=0 "clang -I/Users/unkod/.rbenv/versions/3.4.5/include/ruby-3.4.0/arm64-darwin24 -I/Users/unkod/.rbenv/versions/3.4.5/include/ruby-3.4.0/ruby/backward -I/Users/unkod/.rbenv/versions/3.4.5/include/ruby-3.4.0 -I. -I/opt/homebrew/Cellar/mysql/9.4.0/include/mysql -I/opt/homebrew/opt/openssl@3/include -D_XOPEN_SOURCE -D_DARWIN_C_SOURCE -D_DARWIN_UNLIMITED_SELECT -D_REENTRANT   -fstack-protector-strong -U_FORTIFY_SOURCE -D_FORTIFY_SOURCE=2 -fdeclspec  -O3 -fno-fast-math -ggdb3 -Wall -Wextra -Wextra-tokens -Wdeprecated-declarations -Wdivision-by-zero -Wdiv-by-zero -Wimplicit-function-declaration -Wimplicit-int -Wpointer-arith -Wshorten-64-to-32 -Wwrite-strings -Wold-style-definition -Wmissing-noreturn -Wno-cast-function-type -Wno-constant-logical-operand -Wno-long-long -Wno-missing-field-initializers -Wno-overlength-strings -Wno-parentheses-equality -Wno-self-assign -Wno-tautological-compare -Wno-unused-parameter -Wno-unused-value -Wunused-variable -Wmisleading-indentation -Wundef -fno-common -pipe -DFULL_SSL_MODE_SUPPORT -arch arm64  -c conftest.c"
checked program was:
/* begin */
1: #include "ruby.h"
2: 
3: #include <mysql.h>
4: 
5: /*top*/
6: typedef int conftest_type;
7: conftest_type conftestval = (int)SERVER_QUERY_WAS_SLOW;
/* end */

--------------------

have_const: checking for MYSQL_OPTION_MULTI_STATEMENTS_ON in mysql.h... -------------------- yes

DYLD_LIBRARY_PATH=.:/Users/unkod/.rbenv/versions/3.4.5/lib ASAN_OPTIONS=detect_leaks=0 "clang -I/Users/unkod/.rbenv/versions/3.4.5/include/ruby-3.4.0/arm64-darwin24 -I/Users/unkod/.rbenv/versions/3.4.5/include/ruby-3.4.0/ruby/backward -I/Users/unkod/.rbenv/versions/3.4.5/include/ruby-3.4.0 -I. -I/opt/homebrew/Cellar/mysql/9.4.0/include/mysql -I/opt/homebrew/opt/openssl@3/include -D_XOPEN_SOURCE -D_DARWIN_C_SOURCE -D_DARWIN_UNLIMITED_SELECT -D_REENTRANT   -fstack-protector-strong -U_FORTIFY_SOURCE -D_FORTIFY_SOURCE=2 -fdeclspec  -O3 -fno-fast-math -ggdb3 -Wall -Wextra -Wextra-tokens -Wdeprecated-declarations -Wdivision-by-zero -Wdiv-by-zero -Wimplicit-function-declaration -Wimplicit-int -Wpointer-arith -Wshorten-64-to-32 -Wwrite-strings -Wold-style-definition -Wmissing-noreturn -Wno-cast-function-type -Wno-constant-logical-operand -Wno-long-long -Wno-missing-field-initializers -Wno-overlength-strings -Wno-parentheses-equality -Wno-self-assign -Wno-tautological-compare -Wno-unused-parameter -Wno-unused-value -Wunused-variable -Wmisleading-indentation -Wundef -fno-common -pipe -DFULL_SSL_MODE_SUPPORT -arch arm64  -c conftest.c"
checked program was:
/* begin */
1: #include "ruby.h"
2: 
3: #include <mysql.h>
4: 
5: /*top*/
6: typedef int conftest_type;
7: conftest_type conftestval = (int)MYSQL_OPTION_MULTI_STATEMENTS_ON;
/* end */

--------------------

have_const: checking for MYSQL_OPTION_MULTI_STATEMENTS_OFF in mysql.h... -------------------- yes

DYLD_LIBRARY_PATH=.:/Users/unkod/.rbenv/versions/3.4.5/lib ASAN_OPTIONS=detect_leaks=0 "clang -I/Users/unkod/.rbenv/versions/3.4.5/include/ruby-3.4.0/arm64-darwin24 -I/Users/unkod/.rbenv/versions/3.4.5/include/ruby-3.4.0/ruby/backward -I/Users/unkod/.rbenv/versions/3.4.5/include/ruby-3.4.0 -I. -I/opt/homebrew/Cellar/mysql/9.4.0/include/mysql -I/opt/homebrew/opt/openssl@3/include -D_XOPEN_SOURCE -D_DARWIN_C_SOURCE -D_DARWIN_UNLIMITED_SELECT -D_REENTRANT   -fstack-protector-strong -U_FORTIFY_SOURCE -D_FORTIFY_SOURCE=2 -fdeclspec  -O3 -fno-fast-math -ggdb3 -Wall -Wextra -Wextra-tokens -Wdeprecated-declarations -Wdivision-by-zero -Wdiv-by-zero -Wimplicit-function-declaration -Wimplicit-int -Wpointer-arith -Wshorten-64-to-32 -Wwrite-strings -Wold-style-definition -Wmissing-noreturn -Wno-cast-function-type -Wno-constant-logical-operand -Wno-long-long -Wno-missing-field-initializers -Wno-overlength-strings -Wno-parentheses-equality -Wno-self-assign -Wno-tautological-compare -Wno-unused-parameter -Wno-unused-value -Wunused-variable -Wmisleading-indentation -Wundef -fno-common -pipe -DFULL_SSL_MODE_SUPPORT -arch arm64  -c conftest.c"
checked program was:
/* begin */
1: #include "ruby.h"
2: 
3: #include <mysql.h>
4: 
5: /*top*/
6: typedef int conftest_type;
7: conftest_type conftestval = (int)MYSQL_OPTION_MULTI_STATEMENTS_OFF;
/* end */

--------------------

have_type: checking for my_bool in mysql.h... -------------------- no

DYLD_LIBRARY_PATH=.:/Users/unkod/.rbenv/versions/3.4.5/lib ASAN_OPTIONS=detect_leaks=0 "clang -I/Users/unkod/.rbenv/versions/3.4.5/include/ruby-3.4.0/arm64-darwin24 -I/Users/unkod/.rbenv/versions/3.4.5/include/ruby-3.4.0/ruby/backward -I/Users/unkod/.rbenv/versions/3.4.5/include/ruby-3.4.0 -I. -I/opt/homebrew/Cellar/mysql/9.4.0/include/mysql -I/opt/homebrew/opt/openssl@3/include -D_XOPEN_SOURCE -D_DARWIN_C_SOURCE -D_DARWIN_UNLIMITED_SELECT -D_REENTRANT   -fstack-protector-strong -U_FORTIFY_SOURCE -D_FORTIFY_SOURCE=2 -fdeclspec  -O3 -fno-fast-math -ggdb3 -Wall -Wextra -Wextra-tokens -Wdeprecated-declarations -Wdivision-by-zero -Wdiv-by-zero -Wimplicit-function-declaration -Wimplicit-int -Wpointer-arith -Wshorten-64-to-32 -Wwrite-strings -Wold-style-definition -Wmissing-noreturn -Wno-cast-function-type -Wno-constant-logical-operand -Wno-long-long -Wno-missing-field-initializers -Wno-overlength-strings -Wno-parentheses-equality -Wno-self-assign -Wno-tautological-compare -Wno-unused-parameter -Wno-unused-value -Wunused-variable -Wmisleading-indentation -Wundef -fno-common -pipe -DFULL_SSL_MODE_SUPPORT -arch arm64  -c conftest.c"
conftest.c:6:9: error: unknown type name 'my_bool'
    6 | typedef my_bool conftest_type;
      |         ^
1 error generated.
checked program was:
/* begin */
1: #include "ruby.h"
2: 
3: #include <mysql.h>
4: 
5: /*top*/
6: typedef my_bool conftest_type;
7: int conftestval[sizeof(conftest_type)?1:-1];
/* end */

--------------------

have_func: checking for mysql_ssl_set() in mysql.h... -------------------- no

DYLD_LIBRARY_PATH=.:/Users/unkod/.rbenv/versions/3.4.5/lib ASAN_OPTIONS=detect_leaks=0 "clang -o conftest -I/Users/unkod/.rbenv/versions/3.4.5/include/ruby-3.4.0/arm64-darwin24 -I/Users/unkod/.rbenv/versions/3.4.5/include/ruby-3.4.0/ruby/backward -I/Users/unkod/.rbenv/versions/3.4.5/include/ruby-3.4.0 -I. -I/opt/homebrew/Cellar/mysql/9.4.0/include/mysql -I/opt/homebrew/opt/openssl@3/include -D_XOPEN_SOURCE -D_DARWIN_C_SOURCE -D_DARWIN_UNLIMITED_SELECT -D_REENTRANT   -fstack-protector-strong -U_FORTIFY_SOURCE -D_FORTIFY_SOURCE=2 -fdeclspec  -O3 -fno-fast-math -ggdb3 -Wall -Wextra -Wextra-tokens -Wdeprecated-declarations -Wdivision-by-zero -Wdiv-by-zero -Wimplicit-function-declaration -Wimplicit-int -Wpointer-arith -Wshorten-64-to-32 -Wwrite-strings -Wold-style-definition -Wmissing-noreturn -Wno-cast-function-type -Wno-constant-logical-operand -Wno-long-long -Wno-missing-field-initializers -Wno-overlength-strings -Wno-parentheses-equality -Wno-self-assign -Wno-tautological-compare -Wno-unused-parameter -Wno-unused-value -Wunused-variable -Wmisleading-indentation -Wundef -fno-common -pipe -DFULL_SSL_MODE_SUPPORT conftest.c -L. -L/Users/unkod/.rbenv/versions/3.4.5/lib -L/opt/homebrew/opt/openssl@3/lib -L/usr/local/opt/openssl/lib -L/opt/homebrew/opt/openssl@3/lib  -arch arm64  -L/opt/homebrew/Cellar/mysql/9.4.0/lib -lmysqlclient -lz  -lzstd  -lssl  -lcrypto -lresolv  -lruby.3.4 -L/opt/homebrew/Cellar/mysql/9.4.0/lib -lmysqlclient -lz  -lzstd  -lssl  -lcrypto -lresolv  -lpthread  "
ld: warning: ignoring duplicate libraries: '-lcrypto', '-lmysqlclient', '-lresolv', '-lssl', '-lz', '-lzstd'
ld: warning: search path '/usr/local/opt/openssl/lib' not found
ld: library 'zstd' not found
clang: error: linker command failed with exit code 1 (use -v to see invocation)
checked program was:
/* begin */
 1: #include "ruby.h"
 2: 
 3: #include <mysql.h>
 4: 
 5: /*top*/
 6: extern int t(void);
 7: int main(int argc, char **argv)
 8: {
 9:   if (argc > 1000000) {
10:     int (* volatile tp)(void)=(int (*)(void))&t;
11:     printf("%d", (*tp)());
12:   }
13: 
14:   return !!argv[argc];
15: }
16: int t(void) { void ((*volatile p)()); p = (void ((*)()))mysql_ssl_set; return !p; }
/* end */

DYLD_LIBRARY_PATH=.:/Users/unkod/.rbenv/versions/3.4.5/lib ASAN_OPTIONS=detect_leaks=0 "clang -o conftest -I/Users/unkod/.rbenv/versions/3.4.5/include/ruby-3.4.0/arm64-darwin24 -I/Users/unkod/.rbenv/versions/3.4.5/include/ruby-3.4.0/ruby/backward -I/Users/unkod/.rbenv/versions/3.4.5/include/ruby-3.4.0 -I. -I/opt/homebrew/Cellar/mysql/9.4.0/include/mysql -I/opt/homebrew/opt/openssl@3/include -D_XOPEN_SOURCE -D_DARWIN_C_SOURCE -D_DARWIN_UNLIMITED_SELECT -D_REENTRANT   -fstack-protector-strong -U_FORTIFY_SOURCE -D_FORTIFY_SOURCE=2 -fdeclspec  -O3 -fno-fast-math -ggdb3 -Wall -Wextra -Wextra-tokens -Wdeprecated-declarations -Wdivision-by-zero -Wdiv-by-zero -Wimplicit-function-declaration -Wimplicit-int -Wpointer-arith -Wshorten-64-to-32 -Wwrite-strings -Wold-style-definition -Wmissing-noreturn -Wno-cast-function-type -Wno-constant-logical-operand -Wno-long-long -Wno-missing-field-initializers -Wno-overlength-strings -Wno-parentheses-equality -Wno-self-assign -Wno-tautological-compare -Wno-unused-parameter -Wno-unused-value -Wunused-variable -Wmisleading-indentation -Wundef -fno-common -pipe -DFULL_SSL_MODE_SUPPORT conftest.c -L. -L/Users/unkod/.rbenv/versions/3.4.5/lib -L/opt/homebrew/opt/openssl@3/lib -L/usr/local/opt/openssl/lib -L/opt/homebrew/opt/openssl@3/lib  -arch arm64  -L/opt/homebrew/Cellar/mysql/9.4.0/lib -lmysqlclient -lz  -lzstd  -lssl  -lcrypto -lresolv  -lruby.3.4 -L/opt/homebrew/Cellar/mysql/9.4.0/lib -lmysqlclient -lz  -lzstd  -lssl  -lcrypto -lresolv  -lpthread  "
conftest.c:16:13: warning: a function declaration without a prototype is deprecated in all versions of C and is treated as a zero-parameter prototype in C23, conflicting with a previous declaration [-Wdeprecated-non-prototype]
   16 | extern void mysql_ssl_set();
      |             ^
/opt/homebrew/Cellar/mysql/9.4.0/include/mysql/mysql.h:472:14: note: conflicting prototype is here
  472 | bool STDCALL mysql_ssl_set(MYSQL *mysql, const char *key, const char *cert,
      |              ^
conftest.c:16:13: error: conflicting types for 'mysql_ssl_set'
   16 | extern void mysql_ssl_set();
      |             ^
/opt/homebrew/Cellar/mysql/9.4.0/include/mysql/mysql.h:472:14: note: previous declaration is here
  472 | bool STDCALL mysql_ssl_set(MYSQL *mysql, const char *key, const char *cert,
      |              ^
conftest.c:17:29: error: too few arguments to function call, expected 6, have 0
   17 | int t(void) { mysql_ssl_set(); return 0; }
      |               ~~~~~~~~~~~~~ ^
/opt/homebrew/Cellar/mysql/9.4.0/include/mysql/mysql.h:472:14: note: 'mysql_ssl_set' declared here
  472 | bool STDCALL mysql_ssl_set(MYSQL *mysql, const char *key, const char *cert,
      |              ^             ~~~~~~~~~~~~~~~~~~~~~~~~~~~~~~~~~~~~~~~~~~~~~~~~
  473 |                            const char *ca, const char *capath,
      |                            ~~~~~~~~~~~~~~~~~~~~~~~~~~~~~~~~~~~
  474 |                            const char *cipher);
      |                            ~~~~~~~~~~~~~~~~~~
1 warning and 2 errors generated.
checked program was:
/* begin */
 1: #include "ruby.h"
 2: 
 3: #include <mysql.h>
 4: 
 5: /*top*/
 6: extern int t(void);
 7: int main(int argc, char **argv)
 8: {
 9:   if (argc > 1000000) {
10:     int (* volatile tp)(void)=(int (*)(void))&t;
11:     printf("%d", (*tp)());
12:   }
13: 
14:   return !!argv[argc];
15: }
16: extern void mysql_ssl_set();
17: int t(void) { mysql_ssl_set(); return 0; }
/* end */

--------------------

DYLD_LIBRARY_PATH=.:/Users/unkod/.rbenv/versions/3.4.5/lib ASAN_OPTIONS=detect_leaks=0 "clang -o conftest -I/Users/unkod/.rbenv/versions/3.4.5/include/ruby-3.4.0/arm64-darwin24 -I/Users/unkod/.rbenv/versions/3.4.5/include/ruby-3.4.0/ruby/backward -I/Users/unkod/.rbenv/versions/3.4.5/include/ruby-3.4.0 -I. -I/opt/homebrew/Cellar/mysql/9.4.0/include/mysql -I/opt/homebrew/opt/openssl@3/include -D_XOPEN_SOURCE -D_DARWIN_C_SOURCE -D_DARWIN_UNLIMITED_SELECT -D_REENTRANT   -fstack-protector-strong -U_FORTIFY_SOURCE -D_FORTIFY_SOURCE=2 -fdeclspec  -O3 -fno-fast-math -ggdb3 -Wall -Wextra -Wextra-tokens -Wdeprecated-declarations -Wdivision-by-zero -Wdiv-by-zero -Wimplicit-function-declaration -Wimplicit-int -Wpointer-arith -Wshorten-64-to-32 -Wwrite-strings -Wold-style-definition -Wmissing-noreturn -Wno-cast-function-type -Wno-constant-logical-operand -Wno-long-long -Wno-missing-field-initializers -Wno-overlength-strings -Wno-parentheses-equality -Wno-self-assign -Wno-tautological-compare -Wno-unused-parameter -Wno-unused-value -Wunused-variable -Wmisleading-indentation -Wundef -fno-common -pipe -DFULL_SSL_MODE_SUPPORT conftest.c -L. -L/Users/unkod/.rbenv/versions/3.4.5/lib -L/opt/homebrew/opt/openssl@3/lib -L/usr/local/opt/openssl/lib -L/opt/homebrew/opt/openssl@3/lib  -arch arm64  -L/opt/homebrew/Cellar/mysql/9.4.0/lib -lmysqlclient -lz  -lzstd  -lssl  -lcrypto -lresolv  -lruby.3.4 -Werror -Weverything -lpthread  "
error: include location '/usr/local/include' is unsafe for cross-compilation [-Werror,-Wpoison-system-directories]
In file included from conftest.c:1:
In file included from /Users/unkod/.rbenv/versions/3.4.5/include/ruby-3.4.0/ruby.h:38:
In file included from /Users/unkod/.rbenv/versions/3.4.5/include/ruby-3.4.0/ruby/ruby.h:25:
In file included from /Users/unkod/.rbenv/versions/3.4.5/include/ruby-3.4.0/ruby/defines.h:71:
/Users/unkod/.rbenv/versions/3.4.5/include/ruby-3.4.0/ruby/internal/xmalloc.h:62:1: error: [[]] attributes are a C23 extension [-Werror,-Wc23-extensions]
   62 | RBIMPL_ATTR_NODISCARD()
      | ^
/Users/unkod/.rbenv/versions/3.4.5/include/ruby-3.4.0/ruby/internal/attr/nodiscard.h:35:34: note: expanded from macro 'RBIMPL_ATTR_NODISCARD'
   35 | # define RBIMPL_ATTR_NODISCARD() [[nodiscard]]
      |                                  ^
In file included from conftest.c:1:
In file included from /Users/unkod/.rbenv/versions/3.4.5/include/ruby-3.4.0/ruby.h:38:
In file included from /Users/unkod/.rbenv/versions/3.4.5/include/ruby-3.4.0/ruby/ruby.h:25:
In file included from /Users/unkod/.rbenv/versions/3.4.5/include/ruby-3.4.0/ruby/defines.h:71:
/Users/unkod/.rbenv/versions/3.4.5/include/ruby-3.4.0/ruby/internal/xmalloc.h:90:1: error: [[]] attributes are a C23 extension [-Werror,-Wc23-extensions]
   90 | RBIMPL_ATTR_NODISCARD()
      | ^
/Users/unkod/.rbenv/versions/3.4.5/include/ruby-3.4.0/ruby/internal/attr/nodiscard.h:35:34: note: expanded from macro 'RBIMPL_ATTR_NODISCARD'
   35 | # define RBIMPL_ATTR_NODISCARD() [[nodiscard]]
      |                                  ^
In file included from conftest.c:1:
In file included from /Users/unkod/.rbenv/versions/3.4.5/include/ruby-3.4.0/ruby.h:38:
In file included from /Users/unkod/.rbenv/versions/3.4.5/include/ruby-3.4.0/ruby/ruby.h:25:
In file included from /Users/unkod/.rbenv/versions/3.4.5/include/ruby-3.4.0/ruby/defines.h:71:
/Users/unkod/.rbenv/versions/3.4.5/include/ruby-3.4.0/ruby/internal/xmalloc.h:121:1: error: [[]] attributes are a C23 extension [-Werror,-Wc23-extensions]
  121 | RBIMPL_ATTR_NODISCARD()
      | ^
/Users/unkod/.rbenv/versions/3.4.5/include/ruby-3.4.0/ruby/internal/attr/nodiscard.h:35:34: note: expanded from macro 'RBIMPL_ATTR_NODISCARD'
   35 | # define RBIMPL_ATTR_NODISCARD() [[nodiscard]]
      |                                  ^
In file included from conftest.c:1:
In file included from /Users/unkod/.rbenv/versions/3.4.5/include/ruby-3.4.0/ruby.h:38:
In file included from /Users/unkod/.rbenv/versions/3.4.5/include/ruby-3.4.0/ruby/ruby.h:25:
In file included from /Users/unkod/.rbenv/versions/3.4.5/include/ruby-3.4.0/ruby/defines.h:71:
/Users/unkod/.rbenv/versions/3.4.5/include/ruby-3.4.0/ruby/internal/xmalloc.h:151:1: error: [[]] attributes are a C23 extension [-Werror,-Wc23-extensions]
  151 | RBIMPL_ATTR_NODISCARD()
      | ^
/Users/unkod/.rbenv/versions/3.4.5/include/ruby-3.4.0/ruby/internal/attr/nodiscard.h:35:34: note: expanded from macro 'RBIMPL_ATTR_NODISCARD'
   35 | # define RBIMPL_ATTR_NODISCARD() [[nodiscard]]
      |                                  ^
In file included from conftest.c:1:
In file included from /Users/unkod/.rbenv/versions/3.4.5/include/ruby-3.4.0/ruby.h:38:
In file included from /Users/unkod/.rbenv/versions/3.4.5/include/ruby-3.4.0/ruby/ruby.h:25:
In file included from /Users/unkod/.rbenv/versions/3.4.5/include/ruby-3.4.0/ruby/defines.h:71:
/Users/unkod/.rbenv/versions/3.4.5/include/ruby-3.4.0/ruby/internal/xmalloc.h:197:1: error: [[]] attributes are a C23 extension [-Werror,-Wc23-extensions]
  197 | RBIMPL_ATTR_NODISCARD()
      | ^
/Users/unkod/.rbenv/versions/3.4.5/include/ruby-3.4.0/ruby/internal/attr/nodiscard.h:35:34: note: expanded from macro 'RBIMPL_ATTR_NODISCARD'
   35 | # define RBIMPL_ATTR_NODISCARD() [[nodiscard]]
      |                                  ^
In file included from conftest.c:1:
In file included from /Users/unkod/.rbenv/versions/3.4.5/include/ruby-3.4.0/ruby.h:38:
In file included from /Users/unkod/.rbenv/versions/3.4.5/include/ruby-3.4.0/ruby/ruby.h:27:
In file included from /Users/unkod/.rbenv/versions/3.4.5/include/ruby-3.4.0/ruby/internal/anyargs.h:76:
In file included from /Users/unkod/.rbenv/versions/3.4.5/include/ruby-3.4.0/ruby/internal/intern/class.h:24:
/Users/unkod/.rbenv/versions/3.4.5/include/ruby-3.4.0/ruby/internal/value.h:128:1: error: '_Static_assert' is incompatible with C standards before C11 [-Werror,-Wpre-c11-compat]
  128 | RBIMPL_STATIC_ASSERT(sizeof_int, SIZEOF_INT == sizeof(int));
      | ^
/Users/unkod/.rbenv/versions/3.4.5/include/ruby-3.4.0/ruby/internal/static_assert.h:71:5: note: expanded from macro 'RBIMPL_STATIC_ASSERT'
   71 |     RBIMPL_STATIC_ASSERT0(expr, # name ": " # expr)
      |     ^
/Users/unkod/.rbenv/versions/3.4.5/include/ruby-3.4.0/ruby/internal/static_assert.h:49:46: note: expanded from macro 'RBIMPL_STATIC_ASSERT0'
   49 | # define RBIMPL_STATIC_ASSERT0 __extension__ _Static_assert
      |                                              ^
In file included from conftest.c:1:
In file included from /Users/unkod/.rbenv/versions/3.4.5/include/ruby-3.4.0/ruby.h:38:
In file included from /Users/unkod/.rbenv/versions/3.4.5/include/ruby-3.4.0/ruby/ruby.h:27:
In file included from /Users/unkod/.rbenv/versions/3.4.5/include/ruby-3.4.0/ruby/internal/anyargs.h:76:
In file included from /Users/unkod/.rbenv/versions/3.4.5/include/ruby-3.4.0/ruby/internal/intern/class.h:24:
/Users/unkod/.rbenv/versions/3.4.5/include/ruby-3.4.0/ruby/internal/value.h:129:1: error: '_Static_assert' is incompatible with C standards before C11 [-Werror,-Wpre-c11-compat]
  129 | RBIMPL_STATIC_ASSERT(sizeof_long, SIZEOF_LONG == sizeof(long));
      | ^
/Users/unkod/.rbenv/versions/3.4.5/include/ruby-3.4.0/ruby/internal/static_assert.h:71:5: note: expanded from macro 'RBIMPL_STATIC_ASSERT'
   71 |     RBIMPL_STATIC_ASSERT0(expr, # name ": " # expr)
      |     ^
/Users/unkod/.rbenv/versions/3.4.5/include/ruby-3.4.0/ruby/internal/static_assert.h:49:46: note: expanded from macro 'RBIMPL_STATIC_ASSERT0'
   49 | # define RBIMPL_STATIC_ASSERT0 __extension__ _Static_assert
      |                                              ^
In file included from conftest.c:1:
In file included from /Users/unkod/.rbenv/versions/3.4.5/include/ruby-3.4.0/ruby.h:38:
In file included from /Users/unkod/.rbenv/versions/3.4.5/include/ruby-3.4.0/ruby/ruby.h:27:
In file included from /Users/unkod/.rbenv/versions/3.4.5/include/ruby-3.4.0/ruby/internal/anyargs.h:76:
In file included from /Users/unkod/.rbenv/versions/3.4.5/include/ruby-3.4.0/ruby/internal/intern/class.h:24:
/Users/unkod/.rbenv/versions/3.4.5/include/ruby-3.4.0/ruby/internal/value.h:130:1: error: '_Static_assert' is incompatible with C standards before C11 [-Werror,-Wpre-c11-compat]
  130 | RBIMPL_STATIC_ASSERT(sizeof_long_long, SIZEOF_LONG_LONG == sizeof(LONG_LONG));
      | ^
/Users/unkod/.rbenv/versions/3.4.5/include/ruby-3.4.0/ruby/internal/static_assert.h:71:5: note: expanded from macro 'RBIMPL_STATIC_ASSERT'
   71 |     RBIMPL_STATIC_ASSERT0(expr, # name ": " # expr)
      |     ^
/Users/unkod/.rbenv/versions/3.4.5/include/ruby-3.4.0/ruby/internal/static_assert.h:49:46: note: expanded from macro 'RBIMPL_STATIC_ASSERT0'
   49 | # define RBIMPL_STATIC_ASSERT0 __extension__ _Static_assert
      |                                              ^
In file included from conftest.c:1:
In file included from /Users/unkod/.rbenv/versions/3.4.5/include/ruby-3.4.0/ruby.h:38:
In file included from /Users/unkod/.rbenv/versions/3.4.5/include/ruby-3.4.0/ruby/ruby.h:27:
In file included from /Users/unkod/.rbenv/versions/3.4.5/include/ruby-3.4.0/ruby/internal/anyargs.h:76:
In file included from /Users/unkod/.rbenv/versions/3.4.5/include/ruby-3.4.0/ruby/internal/intern/class.h:24:
/Users/unkod/.rbenv/versions/3.4.5/include/ruby-3.4.0/ruby/internal/value.h:131:1: error: '_Static_assert' is incompatible with C standards before C11 [-Werror,-Wpre-c11-compat]
  131 | RBIMPL_STATIC_ASSERT(sizeof_voidp, SIZEOF_VOIDP == sizeof(void *));
      | ^
/Users/unkod/.rbenv/versions/3.4.5/include/ruby-3.4.0/ruby/internal/static_assert.h:71:5: note: expanded from macro 'RBIMPL_STATIC_ASSERT'
   71 |     RBIMPL_STATIC_ASSERT0(expr, # name ": " # expr)
      |     ^
/Users/unkod/.rbenv/versions/3.4.5/include/ruby-3.4.0/ruby/internal/static_assert.h:49:46: note: expanded from macro 'RBIMPL_STATIC_ASSERT0'
   49 | # define RBIMPL_STATIC_ASSERT0 __extension__ _Static_assert
      |                                              ^
In file included from conftest.c:1:
In file included from /Users/unkod/.rbenv/versions/3.4.5/include/ruby-3.4.0/ruby.h:38:
In file included from /Users/unkod/.rbenv/versions/3.4.5/include/ruby-3.4.0/ruby/ruby.h:27:
In file included from /Users/unkod/.rbenv/versions/3.4.5/include/ruby-3.4.0/ruby/internal/anyargs.h:76:
/Users/unkod/.rbenv/versions/3.4.5/include/ruby-3.4.0/ruby/internal/intern/class.h:301:60: error: a function declaration without a prototype is deprecated in all versions of C [-Werror,-Wstrict-prototypes]
  301 | void rb_define_method_id(VALUE klass, ID mid, VALUE (*func)(ANYARGS), int arity);
      |                                                            ^       
      |                                                                    void
/Users/unkod/.rbenv/versions/3.4.5/include/ruby-3.4.0/ruby/internal/intern/class.h:339:76: error: a function declaration without a prototype is deprecated in all versions of C [-Werror,-Wstrict-prototypes]
  339 | void rb_define_protected_method(VALUE klass, const char *mid, VALUE (*func)(ANYARGS), int arity);
      |                                                                            ^       
      |                                                                                    void
/Users/unkod/.rbenv/versions/3.4.5/include/ruby-3.4.0/ruby/internal/intern/class.h:352:74: error: a function declaration without a prototype is deprecated in all versions of C [-Werror,-Wstrict-prototypes]
  352 | void rb_define_private_method(VALUE klass, const char *mid, VALUE (*func)(ANYARGS), int arity);
      |                                                                          ^       
      |                                                                                  void
/Users/unkod/.rbenv/versions/3.4.5/include/ruby-3.4.0/ruby/internal/intern/class.h:365:73: error: a function declaration without a prototype is deprecated in all versions of C [-Werror,-Wstrict-prototypes]
  365 | void rb_define_singleton_method(VALUE obj, const char *mid, VALUE(*func)(ANYARGS), int arity);
      |                                                                         ^       
      |                                                                                 void
In file included from conftest.c:1:
In file included from /Users/unkod/.rbenv/versions/3.4.5/include/ruby-3.4.0/ruby.h:38:
In file included from /Users/unkod/.rbenv/versions/3.4.5/include/ruby-3.4.0/ruby/ruby.h:27:
In file included from /Users/unkod/.rbenv/versions/3.4.5/include/ruby-3.4.0/ruby/internal/anyargs.h:77:
/Users/unkod/.rbenv/versions/3.4.5/include/ruby-3.4.0/ruby/internal/intern/vm.h:163:8: error: unknown command tag name [-Werror,-Wdocumentation-unknown-command]
  163 |  *     @foo = 5
      |        ^~~~
In file included from conftest.c:1:
In file included from /Users/unkod/.rbenv/versions/3.4.5/include/ruby-3.4.0/ruby.h:38:
In file included from /Users/unkod/.rbenv/versions/3.4.5/include/ruby-3.4.0/ruby/ruby.h:27:
In file included from /Users/unkod/.rbenv/versions/3.4.5/include/ruby-3.4.0/ruby/internal/anyargs.h:78:
/Users/unkod/.rbenv/versions/3.4.5/include/ruby-3.4.0/ruby/internal/method.h:99:66: error: a function declaration without a prototype is deprecated in all versions of C [-Werror,-Wstrict-prototypes]
   99 | void rb_define_method(VALUE klass, const char *mid, VALUE (*func)(ANYARGS), int arity);
      |                                                                  ^       
      |                                                                          void
/Users/unkod/.rbenv/versions/3.4.5/include/ruby-3.4.0/ruby/internal/method.h:112:75: error: a function declaration without a prototype is deprecated in all versions of C [-Werror,-Wstrict-prototypes]
  112 | void rb_define_module_function(VALUE klass, const char *mid, VALUE (*func)(ANYARGS), int arity);
      |                                                                           ^       
      |                                                                                   void
/Users/unkod/.rbenv/versions/3.4.5/include/ruby-3.4.0/ruby/internal/method.h:124:62: error: a function declaration without a prototype is deprecated in all versions of C [-Werror,-Wstrict-prototypes]
  124 | void rb_define_global_function(const char *mid, VALUE (*func)(ANYARGS), int arity);
      |                                                              ^       
      |                                                                      void
In file included from conftest.c:1:
In file included from /Users/unkod/.rbenv/versions/3.4.5/include/ruby-3.4.0/ruby.h:38:
In file included from /Users/unkod/.rbenv/versions/3.4.5/include/ruby-3.4.0/ruby/ruby.h:27:
/Users/unkod/.rbenv/versions/3.4.5/include/ruby-3.4.0/ruby/internal/anyargs.h:274:1: error: [[]] attributes are a C23 extension [-Werror,-Wc23-extensions]
  274 | RBIMPL_ANYARGS_DECL(rb_define_singleton_method, VALUE, const char *)
      | ^
/Users/unkod/.rbenv/versions/3.4.5/include/ruby-3.4.0/ruby/internal/anyargs.h:253:40: note: expanded from macro 'RBIMPL_ANYARGS_DECL'
  253 | # define RBIMPL_ANYARGS_DECL(sym, ...) \
      |                                        ^
/Users/unkod/.rbenv/versions/3.4.5/include/ruby-3.4.0/ruby/internal/anyargs.h:252:38: note: expanded from macro '\
RBIMPL_ANYARGS_ATTRSET'
  252 | # define RBIMPL_ANYARGS_ATTRSET(sym) RBIMPL_ATTR_MAYBE_UNUSED() RBIMPL_ATTR_NONNULL(()) RBIMPL_ATTR_WEAKREF(sym)
      |                                      ^
/Users/unkod/.rbenv/versions/3.4.5/include/ruby-3.4.0/ruby/internal/attr/maybe_unused.h:31:37: note: expanded from macro 'RBIMPL_ATTR_MAYBE_UNUSED'
   31 | # define RBIMPL_ATTR_MAYBE_UNUSED() [[maybe_unused]]
      |                                     ^
fatal error: too many errors emitted, stopping now [-ferror-limit=]
20 errors generated.
checked program was:
/* begin */
1: #include "ruby.h"
2: 
3: int main() {return 0;}
/* end */

DYLD_LIBRARY_PATH=.:/Users/unkod/.rbenv/versions/3.4.5/lib ASAN_OPTIONS=detect_leaks=0 "clang -o conftest -I/Users/unkod/.rbenv/versions/3.4.5/include/ruby-3.4.0/arm64-darwin24 -I/Users/unkod/.rbenv/versions/3.4.5/include/ruby-3.4.0/ruby/backward -I/Users/unkod/.rbenv/versions/3.4.5/include/ruby-3.4.0 -I. -I/opt/homebrew/Cellar/mysql/9.4.0/include/mysql -I/opt/homebrew/opt/openssl@3/include -D_XOPEN_SOURCE -D_DARWIN_C_SOURCE -D_DARWIN_UNLIMITED_SELECT -D_REENTRANT   -fstack-protector-strong -U_FORTIFY_SOURCE -D_FORTIFY_SOURCE=2 -fdeclspec  -O3 -fno-fast-math -ggdb3 -Wall -Wextra -Wextra-tokens -Wdeprecated-declarations -Wdivision-by-zero -Wdiv-by-zero -Wimplicit-function-declaration -Wimplicit-int -Wpointer-arith -Wshorten-64-to-32 -Wwrite-strings -Wold-style-definition -Wmissing-noreturn -Wno-cast-function-type -Wno-constant-logical-operand -Wno-long-long -Wno-missing-field-initializers -Wno-overlength-strings -Wno-parentheses-equality -Wno-self-assign -Wno-tautological-compare -Wno-unused-parameter -Wno-unused-value -Wunused-variable -Wmisleading-indentation -Wundef -fno-common -pipe -DFULL_SSL_MODE_SUPPORT conftest.c -L. -L/Users/unkod/.rbenv/versions/3.4.5/lib -L/opt/homebrew/opt/openssl@3/lib -L/usr/local/opt/openssl/lib -L/opt/homebrew/opt/openssl@3/lib  -arch arm64  -L/opt/homebrew/Cellar/mysql/9.4.0/lib -lmysqlclient -lz  -lzstd  -lssl  -lcrypto -lresolv  -lruby.3.4 -Werror -Wno-compound-token-split-by-macro -lpthread  "
ld: warning: search path '/usr/local/opt/openssl/lib' not found
ld: library 'zstd' not found
clang: error: linker command failed with exit code 1 (use -v to see invocation)
checked program was:
/* begin */
1: #include "ruby.h"
2: 
3: int main() {return 0;}
/* end */

DYLD_LIBRARY_PATH=.:/Users/unkod/.rbenv/versions/3.4.5/lib ASAN_OPTIONS=detect_leaks=0 "clang -o conftest -I/Users/unkod/.rbenv/versions/3.4.5/include/ruby-3.4.0/arm64-darwin24 -I/Users/unkod/.rbenv/versions/3.4.5/include/ruby-3.4.0/ruby/backward -I/Users/unkod/.rbenv/versions/3.4.5/include/ruby-3.4.0 -I. -I/opt/homebrew/Cellar/mysql/9.4.0/include/mysql -I/opt/homebrew/opt/openssl@3/include -D_XOPEN_SOURCE -D_DARWIN_C_SOURCE -D_DARWIN_UNLIMITED_SELECT -D_REENTRANT   -fstack-protector-strong -U_FORTIFY_SOURCE -D_FORTIFY_SOURCE=2 -fdeclspec  -O3 -fno-fast-math -ggdb3 -Wall -Wextra -Wextra-tokens -Wdeprecated-declarations -Wdivision-by-zero -Wdiv-by-zero -Wimplicit-function-declaration -Wimplicit-int -Wpointer-arith -Wshorten-64-to-32 -Wwrite-strings -Wold-style-definition -Wmissing-noreturn -Wno-cast-function-type -Wno-constant-logical-operand -Wno-long-long -Wno-missing-field-initializers -Wno-overlength-strings -Wno-parentheses-equality -Wno-self-assign -Wno-tautological-compare -Wno-unused-parameter -Wno-unused-value -Wunused-variable -Wmisleading-indentation -Wundef -fno-common -pipe -DFULL_SSL_MODE_SUPPORT conftest.c -L. -L/Users/unkod/.rbenv/versions/3.4.5/lib -L/opt/homebrew/opt/openssl@3/lib -L/usr/local/opt/openssl/lib -L/opt/homebrew/opt/openssl@3/lib  -arch arm64  -L/opt/homebrew/Cellar/mysql/9.4.0/lib -lmysqlclient -lz  -lzstd  -lssl  -lcrypto -lresolv  -lruby.3.4 -Werror -Wno-bad-function-cast -lpthread  "
ld: warning: search path '/usr/local/opt/openssl/lib' not found
ld: library 'zstd' not found
clang: error: linker command failed with exit code 1 (use -v to see invocation)
checked program was:
/* begin */
1: #include "ruby.h"
2: 
3: int main() {return 0;}
/* end */

DYLD_LIBRARY_PATH=.:/Users/unkod/.rbenv/versions/3.4.5/lib ASAN_OPTIONS=detect_leaks=0 "clang -o conftest -I/Users/unkod/.rbenv/versions/3.4.5/include/ruby-3.4.0/arm64-darwin24 -I/Users/unkod/.rbenv/versions/3.4.5/include/ruby-3.4.0/ruby/backward -I/Users/unkod/.rbenv/versions/3.4.5/include/ruby-3.4.0 -I. -I/opt/homebrew/Cellar/mysql/9.4.0/include/mysql -I/opt/homebrew/opt/openssl@3/include -D_XOPEN_SOURCE -D_DARWIN_C_SOURCE -D_DARWIN_UNLIMITED_SELECT -D_REENTRANT   -fstack-protector-strong -U_FORTIFY_SOURCE -D_FORTIFY_SOURCE=2 -fdeclspec  -O3 -fno-fast-math -ggdb3 -Wall -Wextra -Wextra-tokens -Wdeprecated-declarations -Wdivision-by-zero -Wdiv-by-zero -Wimplicit-function-declaration -Wimplicit-int -Wpointer-arith -Wshorten-64-to-32 -Wwrite-strings -Wold-style-definition -Wmissing-noreturn -Wno-cast-function-type -Wno-constant-logical-operand -Wno-long-long -Wno-missing-field-initializers -Wno-overlength-strings -Wno-parentheses-equality -Wno-self-assign -Wno-tautological-compare -Wno-unused-parameter -Wno-unused-value -Wunused-variable -Wmisleading-indentation -Wundef -fno-common -pipe -DFULL_SSL_MODE_SUPPORT conftest.c -L. -L/Users/unkod/.rbenv/versions/3.4.5/lib -L/opt/homebrew/opt/openssl@3/lib -L/usr/local/opt/openssl/lib -L/opt/homebrew/opt/openssl@3/lib  -arch arm64  -L/opt/homebrew/Cellar/mysql/9.4.0/lib -lmysqlclient -lz  -lzstd  -lssl  -lcrypto -lresolv  -lruby.3.4 -Werror -Wno-conditional-uninitialized -lpthread  "
ld: warning: search path '/usr/local/opt/openssl/lib' not found
ld: library 'zstd' not found
clang: error: linker command failed with exit code 1 (use -v to see invocation)
checked program was:
/* begin */
1: #include "ruby.h"
2: 
3: int main() {return 0;}
/* end */

DYLD_LIBRARY_PATH=.:/Users/unkod/.rbenv/versions/3.4.5/lib ASAN_OPTIONS=detect_leaks=0 "clang -o conftest -I/Users/unkod/.rbenv/versions/3.4.5/include/ruby-3.4.0/arm64-darwin24 -I/Users/unkod/.rbenv/versions/3.4.5/include/ruby-3.4.0/ruby/backward -I/Users/unkod/.rbenv/versions/3.4.5/include/ruby-3.4.0 -I. -I/opt/homebrew/Cellar/mysql/9.4.0/include/mysql -I/opt/homebrew/opt/openssl@3/include -D_XOPEN_SOURCE -D_DARWIN_C_SOURCE -D_DARWIN_UNLIMITED_SELECT -D_REENTRANT   -fstack-protector-strong -U_FORTIFY_SOURCE -D_FORTIFY_SOURCE=2 -fdeclspec  -O3 -fno-fast-math -ggdb3 -Wall -Wextra -Wextra-tokens -Wdeprecated-declarations -Wdivision-by-zero -Wdiv-by-zero -Wimplicit-function-declaration -Wimplicit-int -Wpointer-arith -Wshorten-64-to-32 -Wwrite-strings -Wold-style-definition -Wmissing-noreturn -Wno-cast-function-type -Wno-constant-logical-operand -Wno-long-long -Wno-missing-field-initializers -Wno-overlength-strings -Wno-parentheses-equality -Wno-self-assign -Wno-tautological-compare -Wno-unused-parameter -Wno-unused-value -Wunused-variable -Wmisleading-indentation -Wundef -fno-common -pipe -DFULL_SSL_MODE_SUPPORT conftest.c -L. -L/Users/unkod/.rbenv/versions/3.4.5/lib -L/opt/homebrew/opt/openssl@3/lib -L/usr/local/opt/openssl/lib -L/opt/homebrew/opt/openssl@3/lib  -arch arm64  -L/opt/homebrew/Cellar/mysql/9.4.0/lib -lmysqlclient -lz  -lzstd  -lssl  -lcrypto -lresolv  -lruby.3.4 -Werror -Wno-covered-switch-default -lpthread  "
ld: warning: search path '/usr/local/opt/openssl/lib' not found
ld: library 'zstd' not found
clang: error: linker command failed with exit code 1 (use -v to see invocation)
checked program was:
/* begin */
1: #include "ruby.h"
2: 
3: int main() {return 0;}
/* end */

DYLD_LIBRARY_PATH=.:/Users/unkod/.rbenv/versions/3.4.5/lib ASAN_OPTIONS=detect_leaks=0 "clang -o conftest -I/Users/unkod/.rbenv/versions/3.4.5/include/ruby-3.4.0/arm64-darwin24 -I/Users/unkod/.rbenv/versions/3.4.5/include/ruby-3.4.0/ruby/backward -I/Users/unkod/.rbenv/versions/3.4.5/include/ruby-3.4.0 -I. -I/opt/homebrew/Cellar/mysql/9.4.0/include/mysql -I/opt/homebrew/opt/openssl@3/include -D_XOPEN_SOURCE -D_DARWIN_C_SOURCE -D_DARWIN_UNLIMITED_SELECT -D_REENTRANT   -fstack-protector-strong -U_FORTIFY_SOURCE -D_FORTIFY_SOURCE=2 -fdeclspec  -O3 -fno-fast-math -ggdb3 -Wall -Wextra -Wextra-tokens -Wdeprecated-declarations -Wdivision-by-zero -Wdiv-by-zero -Wimplicit-function-declaration -Wimplicit-int -Wpointer-arith -Wshorten-64-to-32 -Wwrite-strings -Wold-style-definition -Wmissing-noreturn -Wno-cast-function-type -Wno-constant-logical-operand -Wno-long-long -Wno-missing-field-initializers -Wno-overlength-strings -Wno-parentheses-equality -Wno-self-assign -Wno-tautological-compare -Wno-unused-parameter -Wno-unused-value -Wunused-variable -Wmisleading-indentation -Wundef -fno-common -pipe -DFULL_SSL_MODE_SUPPORT conftest.c -L. -L/Users/unkod/.rbenv/versions/3.4.5/lib -L/opt/homebrew/opt/openssl@3/lib -L/usr/local/opt/openssl/lib -L/opt/homebrew/opt/openssl@3/lib  -arch arm64  -L/opt/homebrew/Cellar/mysql/9.4.0/lib -lmysqlclient -lz  -lzstd  -lssl  -lcrypto -lresolv  -lruby.3.4 -Werror -Wno-declaration-after-statement -lpthread  "
ld: warning: search path '/usr/local/opt/openssl/lib' not found
ld: library 'zstd' not found
clang: error: linker command failed with exit code 1 (use -v to see invocation)
checked program was:
/* begin */
1: #include "ruby.h"
2: 
3: int main() {return 0;}
/* end */

DYLD_LIBRARY_PATH=.:/Users/unkod/.rbenv/versions/3.4.5/lib ASAN_OPTIONS=detect_leaks=0 "clang -o conftest -I/Users/unkod/.rbenv/versions/3.4.5/include/ruby-3.4.0/arm64-darwin24 -I/Users/unkod/.rbenv/versions/3.4.5/include/ruby-3.4.0/ruby/backward -I/Users/unkod/.rbenv/versions/3.4.5/include/ruby-3.4.0 -I. -I/opt/homebrew/Cellar/mysql/9.4.0/include/mysql -I/opt/homebrew/opt/openssl@3/include -D_XOPEN_SOURCE -D_DARWIN_C_SOURCE -D_DARWIN_UNLIMITED_SELECT -D_REENTRANT   -fstack-protector-strong -U_FORTIFY_SOURCE -D_FORTIFY_SOURCE=2 -fdeclspec  -O3 -fno-fast-math -ggdb3 -Wall -Wextra -Wextra-tokens -Wdeprecated-declarations -Wdivision-by-zero -Wdiv-by-zero -Wimplicit-function-declaration -Wimplicit-int -Wpointer-arith -Wshorten-64-to-32 -Wwrite-strings -Wold-style-definition -Wmissing-noreturn -Wno-cast-function-type -Wno-constant-logical-operand -Wno-long-long -Wno-missing-field-initializers -Wno-overlength-strings -Wno-parentheses-equality -Wno-self-assign -Wno-tautological-compare -Wno-unused-parameter -Wno-unused-value -Wunused-variable -Wmisleading-indentation -Wundef -fno-common -pipe -DFULL_SSL_MODE_SUPPORT conftest.c -L. -L/Users/unkod/.rbenv/versions/3.4.5/lib -L/opt/homebrew/opt/openssl@3/lib -L/usr/local/opt/openssl/lib -L/opt/homebrew/opt/openssl@3/lib  -arch arm64  -L/opt/homebrew/Cellar/mysql/9.4.0/lib -lmysqlclient -lz  -lzstd  -lssl  -lcrypto -lresolv  -lruby.3.4 -Werror -Wno-disabled-macro-expansion -lpthread  "
ld: warning: search path '/usr/local/opt/openssl/lib' not found
ld: library 'zstd' not found
clang: error: linker command failed with exit code 1 (use -v to see invocation)
checked program was:
/* begin */
1: #include "ruby.h"
2: 
3: int main() {return 0;}
/* end */

DYLD_LIBRARY_PATH=.:/Users/unkod/.rbenv/versions/3.4.5/lib ASAN_OPTIONS=detect_leaks=0 "clang -o conftest -I/Users/unkod/.rbenv/versions/3.4.5/include/ruby-3.4.0/arm64-darwin24 -I/Users/unkod/.rbenv/versions/3.4.5/include/ruby-3.4.0/ruby/backward -I/Users/unkod/.rbenv/versions/3.4.5/include/ruby-3.4.0 -I. -I/opt/homebrew/Cellar/mysql/9.4.0/include/mysql -I/opt/homebrew/opt/openssl@3/include -D_XOPEN_SOURCE -D_DARWIN_C_SOURCE -D_DARWIN_UNLIMITED_SELECT -D_REENTRANT   -fstack-protector-strong -U_FORTIFY_SOURCE -D_FORTIFY_SOURCE=2 -fdeclspec  -O3 -fno-fast-math -ggdb3 -Wall -Wextra -Wextra-tokens -Wdeprecated-declarations -Wdivision-by-zero -Wdiv-by-zero -Wimplicit-function-declaration -Wimplicit-int -Wpointer-arith -Wshorten-64-to-32 -Wwrite-strings -Wold-style-definition -Wmissing-noreturn -Wno-cast-function-type -Wno-constant-logical-operand -Wno-long-long -Wno-missing-field-initializers -Wno-overlength-strings -Wno-parentheses-equality -Wno-self-assign -Wno-tautological-compare -Wno-unused-parameter -Wno-unused-value -Wunused-variable -Wmisleading-indentation -Wundef -fno-common -pipe -DFULL_SSL_MODE_SUPPORT conftest.c -L. -L/Users/unkod/.rbenv/versions/3.4.5/lib -L/opt/homebrew/opt/openssl@3/lib -L/usr/local/opt/openssl/lib -L/opt/homebrew/opt/openssl@3/lib  -arch arm64  -L/opt/homebrew/Cellar/mysql/9.4.0/lib -lmysqlclient -lz  -lzstd  -lssl  -lcrypto -lresolv  -lruby.3.4 -Werror -Wno-documentation-unknown-command -lpthread  "
ld: warning: search path '/usr/local/opt/openssl/lib' not found
ld: library 'zstd' not found
clang: error: linker command failed with exit code 1 (use -v to see invocation)
checked program was:
/* begin */
1: #include "ruby.h"
2: 
3: int main() {return 0;}
/* end */

DYLD_LIBRARY_PATH=.:/Users/unkod/.rbenv/versions/3.4.5/lib ASAN_OPTIONS=detect_leaks=0 "clang -o conftest -I/Users/unkod/.rbenv/versions/3.4.5/include/ruby-3.4.0/arm64-darwin24 -I/Users/unkod/.rbenv/versions/3.4.5/include/ruby-3.4.0/ruby/backward -I/Users/unkod/.rbenv/versions/3.4.5/include/ruby-3.4.0 -I. -I/opt/homebrew/Cellar/mysql/9.4.0/include/mysql -I/opt/homebrew/opt/openssl@3/include -D_XOPEN_SOURCE -D_DARWIN_C_SOURCE -D_DARWIN_UNLIMITED_SELECT -D_REENTRANT   -fstack-protector-strong -U_FORTIFY_SOURCE -D_FORTIFY_SOURCE=2 -fdeclspec  -O3 -fno-fast-math -ggdb3 -Wall -Wextra -Wextra-tokens -Wdeprecated-declarations -Wdivision-by-zero -Wdiv-by-zero -Wimplicit-function-declaration -Wimplicit-int -Wpointer-arith -Wshorten-64-to-32 -Wwrite-strings -Wold-style-definition -Wmissing-noreturn -Wno-cast-function-type -Wno-constant-logical-operand -Wno-long-long -Wno-missing-field-initializers -Wno-overlength-strings -Wno-parentheses-equality -Wno-self-assign -Wno-tautological-compare -Wno-unused-parameter -Wno-unused-value -Wunused-variable -Wmisleading-indentation -Wundef -fno-common -pipe -DFULL_SSL_MODE_SUPPORT conftest.c -L. -L/Users/unkod/.rbenv/versions/3.4.5/lib -L/opt/homebrew/opt/openssl@3/lib -L/usr/local/opt/openssl/lib -L/opt/homebrew/opt/openssl@3/lib  -arch arm64  -L/opt/homebrew/Cellar/mysql/9.4.0/lib -lmysqlclient -lz  -lzstd  -lssl  -lcrypto -lresolv  -lruby.3.4 -Werror -Wno-missing-field-initializers -lpthread  "
ld: warning: search path '/usr/local/opt/openssl/lib' not found
ld: library 'zstd' not found
clang: error: linker command failed with exit code 1 (use -v to see invocation)
checked program was:
/* begin */
1: #include "ruby.h"
2: 
3: int main() {return 0;}
/* end */

DYLD_LIBRARY_PATH=.:/Users/unkod/.rbenv/versions/3.4.5/lib ASAN_OPTIONS=detect_leaks=0 "clang -o conftest -I/Users/unkod/.rbenv/versions/3.4.5/include/ruby-3.4.0/arm64-darwin24 -I/Users/unkod/.rbenv/versions/3.4.5/include/ruby-3.4.0/ruby/backward -I/Users/unkod/.rbenv/versions/3.4.5/include/ruby-3.4.0 -I. -I/opt/homebrew/Cellar/mysql/9.4.0/include/mysql -I/opt/homebrew/opt/openssl@3/include -D_XOPEN_SOURCE -D_DARWIN_C_SOURCE -D_DARWIN_UNLIMITED_SELECT -D_REENTRANT   -fstack-protector-strong -U_FORTIFY_SOURCE -D_FORTIFY_SOURCE=2 -fdeclspec  -O3 -fno-fast-math -ggdb3 -Wall -Wextra -Wextra-tokens -Wdeprecated-declarations -Wdivision-by-zero -Wdiv-by-zero -Wimplicit-function-declaration -Wimplicit-int -Wpointer-arith -Wshorten-64-to-32 -Wwrite-strings -Wold-style-definition -Wmissing-noreturn -Wno-cast-function-type -Wno-constant-logical-operand -Wno-long-long -Wno-missing-field-initializers -Wno-overlength-strings -Wno-parentheses-equality -Wno-self-assign -Wno-tautological-compare -Wno-unused-parameter -Wno-unused-value -Wunused-variable -Wmisleading-indentation -Wundef -fno-common -pipe -DFULL_SSL_MODE_SUPPORT conftest.c -L. -L/Users/unkod/.rbenv/versions/3.4.5/lib -L/opt/homebrew/opt/openssl@3/lib -L/usr/local/opt/openssl/lib -L/opt/homebrew/opt/openssl@3/lib  -arch arm64  -L/opt/homebrew/Cellar/mysql/9.4.0/lib -lmysqlclient -lz  -lzstd  -lssl  -lcrypto -lresolv  -lruby.3.4 -Werror -Wno-missing-variable-declarations -lpthread  "
ld: warning: search path '/usr/local/opt/openssl/lib' not found
ld: library 'zstd' not found
clang: error: linker command failed with exit code 1 (use -v to see invocation)
checked program was:
/* begin */
1: #include "ruby.h"
2: 
3: int main() {return 0;}
/* end */

DYLD_LIBRARY_PATH=.:/Users/unkod/.rbenv/versions/3.4.5/lib ASAN_OPTIONS=detect_leaks=0 "clang -o conftest -I/Users/unkod/.rbenv/versions/3.4.5/include/ruby-3.4.0/arm64-darwin24 -I/Users/unkod/.rbenv/versions/3.4.5/include/ruby-3.4.0/ruby/backward -I/Users/unkod/.rbenv/versions/3.4.5/include/ruby-3.4.0 -I. -I/opt/homebrew/Cellar/mysql/9.4.0/include/mysql -I/opt/homebrew/opt/openssl@3/include -D_XOPEN_SOURCE -D_DARWIN_C_SOURCE -D_DARWIN_UNLIMITED_SELECT -D_REENTRANT   -fstack-protector-strong -U_FORTIFY_SOURCE -D_FORTIFY_SOURCE=2 -fdeclspec  -O3 -fno-fast-math -ggdb3 -Wall -Wextra -Wextra-tokens -Wdeprecated-declarations -Wdivision-by-zero -Wdiv-by-zero -Wimplicit-function-declaration -Wimplicit-int -Wpointer-arith -Wshorten-64-to-32 -Wwrite-strings -Wold-style-definition -Wmissing-noreturn -Wno-cast-function-type -Wno-constant-logical-operand -Wno-long-long -Wno-missing-field-initializers -Wno-overlength-strings -Wno-parentheses-equality -Wno-self-assign -Wno-tautological-compare -Wno-unused-parameter -Wno-unused-value -Wunused-variable -Wmisleading-indentation -Wundef -fno-common -pipe -DFULL_SSL_MODE_SUPPORT conftest.c -L. -L/Users/unkod/.rbenv/versions/3.4.5/lib -L/opt/homebrew/opt/openssl@3/lib -L/usr/local/opt/openssl/lib -L/opt/homebrew/opt/openssl@3/lib  -arch arm64  -L/opt/homebrew/Cellar/mysql/9.4.0/lib -lmysqlclient -lz  -lzstd  -lssl  -lcrypto -lresolv  -lruby.3.4 -Werror -Wno-padded -lpthread  "
ld: warning: search path '/usr/local/opt/openssl/lib' not found
ld: library 'zstd' not found
clang: error: linker command failed with exit code 1 (use -v to see invocation)
checked program was:
/* begin */
1: #include "ruby.h"
2: 
3: int main() {return 0;}
/* end */

DYLD_LIBRARY_PATH=.:/Users/unkod/.rbenv/versions/3.4.5/lib ASAN_OPTIONS=detect_leaks=0 "clang -o conftest -I/Users/unkod/.rbenv/versions/3.4.5/include/ruby-3.4.0/arm64-darwin24 -I/Users/unkod/.rbenv/versions/3.4.5/include/ruby-3.4.0/ruby/backward -I/Users/unkod/.rbenv/versions/3.4.5/include/ruby-3.4.0 -I. -I/opt/homebrew/Cellar/mysql/9.4.0/include/mysql -I/opt/homebrew/opt/openssl@3/include -D_XOPEN_SOURCE -D_DARWIN_C_SOURCE -D_DARWIN_UNLIMITED_SELECT -D_REENTRANT   -fstack-protector-strong -U_FORTIFY_SOURCE -D_FORTIFY_SOURCE=2 -fdeclspec  -O3 -fno-fast-math -ggdb3 -Wall -Wextra -Wextra-tokens -Wdeprecated-declarations -Wdivision-by-zero -Wdiv-by-zero -Wimplicit-function-declaration -Wimplicit-int -Wpointer-arith -Wshorten-64-to-32 -Wwrite-strings -Wold-style-definition -Wmissing-noreturn -Wno-cast-function-type -Wno-constant-logical-operand -Wno-long-long -Wno-missing-field-initializers -Wno-overlength-strings -Wno-parentheses-equality -Wno-self-assign -Wno-tautological-compare -Wno-unused-parameter -Wno-unused-value -Wunused-variable -Wmisleading-indentation -Wundef -fno-common -pipe -DFULL_SSL_MODE_SUPPORT conftest.c -L. -L/Users/unkod/.rbenv/versions/3.4.5/lib -L/opt/homebrew/opt/openssl@3/lib -L/usr/local/opt/openssl/lib -L/opt/homebrew/opt/openssl@3/lib  -arch arm64  -L/opt/homebrew/Cellar/mysql/9.4.0/lib -lmysqlclient -lz  -lzstd  -lssl  -lcrypto -lresolv  -lruby.3.4 -Werror -Wno-reserved-id-macro -lpthread  "
ld: warning: search path '/usr/local/opt/openssl/lib' not found
ld: library 'zstd' not found
clang: error: linker command failed with exit code 1 (use -v to see invocation)
checked program was:
/* begin */
1: #include "ruby.h"
2: 
3: int main() {return 0;}
/* end */

DYLD_LIBRARY_PATH=.:/Users/unkod/.rbenv/versions/3.4.5/lib ASAN_OPTIONS=detect_leaks=0 "clang -o conftest -I/Users/unkod/.rbenv/versions/3.4.5/include/ruby-3.4.0/arm64-darwin24 -I/Users/unkod/.rbenv/versions/3.4.5/include/ruby-3.4.0/ruby/backward -I/Users/unkod/.rbenv/versions/3.4.5/include/ruby-3.4.0 -I. -I/opt/homebrew/Cellar/mysql/9.4.0/include/mysql -I/opt/homebrew/opt/openssl@3/include -D_XOPEN_SOURCE -D_DARWIN_C_SOURCE -D_DARWIN_UNLIMITED_SELECT -D_REENTRANT   -fstack-protector-strong -U_FORTIFY_SOURCE -D_FORTIFY_SOURCE=2 -fdeclspec  -O3 -fno-fast-math -ggdb3 -Wall -Wextra -Wextra-tokens -Wdeprecated-declarations -Wdivision-by-zero -Wdiv-by-zero -Wimplicit-function-declaration -Wimplicit-int -Wpointer-arith -Wshorten-64-to-32 -Wwrite-strings -Wold-style-definition -Wmissing-noreturn -Wno-cast-function-type -Wno-constant-logical-operand -Wno-long-long -Wno-missing-field-initializers -Wno-overlength-strings -Wno-parentheses-equality -Wno-self-assign -Wno-tautological-compare -Wno-unused-parameter -Wno-unused-value -Wunused-variable -Wmisleading-indentation -Wundef -fno-common -pipe -DFULL_SSL_MODE_SUPPORT conftest.c -L. -L/Users/unkod/.rbenv/versions/3.4.5/lib -L/opt/homebrew/opt/openssl@3/lib -L/usr/local/opt/openssl/lib -L/opt/homebrew/opt/openssl@3/lib  -arch arm64  -L/opt/homebrew/Cellar/mysql/9.4.0/lib -lmysqlclient -lz  -lzstd  -lssl  -lcrypto -lresolv  -lruby.3.4 -Werror -Wno-sign-conversion -lpthread  "
ld: warning: search path '/usr/local/opt/openssl/lib' not found
ld: library 'zstd' not found
clang: error: linker command failed with exit code 1 (use -v to see invocation)
checked program was:
/* begin */
1: #include "ruby.h"
2: 
3: int main() {return 0;}
/* end */

DYLD_LIBRARY_PATH=.:/Users/unkod/.rbenv/versions/3.4.5/lib ASAN_OPTIONS=detect_leaks=0 "clang -o conftest -I/Users/unkod/.rbenv/versions/3.4.5/include/ruby-3.4.0/arm64-darwin24 -I/Users/unkod/.rbenv/versions/3.4.5/include/ruby-3.4.0/ruby/backward -I/Users/unkod/.rbenv/versions/3.4.5/include/ruby-3.4.0 -I. -I/opt/homebrew/Cellar/mysql/9.4.0/include/mysql -I/opt/homebrew/opt/openssl@3/include -D_XOPEN_SOURCE -D_DARWIN_C_SOURCE -D_DARWIN_UNLIMITED_SELECT -D_REENTRANT   -fstack-protector-strong -U_FORTIFY_SOURCE -D_FORTIFY_SOURCE=2 -fdeclspec  -O3 -fno-fast-math -ggdb3 -Wall -Wextra -Wextra-tokens -Wdeprecated-declarations -Wdivision-by-zero -Wdiv-by-zero -Wimplicit-function-declaration -Wimplicit-int -Wpointer-arith -Wshorten-64-to-32 -Wwrite-strings -Wold-style-definition -Wmissing-noreturn -Wno-cast-function-type -Wno-constant-logical-operand -Wno-long-long -Wno-missing-field-initializers -Wno-overlength-strings -Wno-parentheses-equality -Wno-self-assign -Wno-tautological-compare -Wno-unused-parameter -Wno-unused-value -Wunused-variable -Wmisleading-indentation -Wundef -fno-common -pipe -DFULL_SSL_MODE_SUPPORT conftest.c -L. -L/Users/unkod/.rbenv/versions/3.4.5/lib -L/opt/homebrew/opt/openssl@3/lib -L/usr/local/opt/openssl/lib -L/opt/homebrew/opt/openssl@3/lib  -arch arm64  -L/opt/homebrew/Cellar/mysql/9.4.0/lib -lmysqlclient -lz  -lzstd  -lssl  -lcrypto -lresolv  -lruby.3.4 -Werror -Wno-static-in-inline -lpthread  "
ld: warning: search path '/usr/local/opt/openssl/lib' not found
ld: library 'zstd' not found
clang: error: linker command failed with exit code 1 (use -v to see invocation)
checked program was:
/* begin */
1: #include "ruby.h"
2: 
3: int main() {return 0;}
/* end */

DYLD_LIBRARY_PATH=.:/Users/unkod/.rbenv/versions/3.4.5/lib ASAN_OPTIONS=detect_leaks=0 "clang -o conftest -I/Users/unkod/.rbenv/versions/3.4.5/include/ruby-3.4.0/arm64-darwin24 -I/Users/unkod/.rbenv/versions/3.4.5/include/ruby-3.4.0/ruby/backward -I/Users/unkod/.rbenv/versions/3.4.5/include/ruby-3.4.0 -I. -I/opt/homebrew/Cellar/mysql/9.4.0/include/mysql -I/opt/homebrew/opt/openssl@3/include -D_XOPEN_SOURCE -D_DARWIN_C_SOURCE -D_DARWIN_UNLIMITED_SELECT -D_REENTRANT   -fstack-protector-strong -U_FORTIFY_SOURCE -D_FORTIFY_SOURCE=2 -fdeclspec  -O3 -fno-fast-math -ggdb3 -Wall -Wextra -Wextra-tokens -Wdeprecated-declarations -Wdivision-by-zero -Wdiv-by-zero -Wimplicit-function-declaration -Wimplicit-int -Wpointer-arith -Wshorten-64-to-32 -Wwrite-strings -Wold-style-definition -Wmissing-noreturn -Wno-cast-function-type -Wno-constant-logical-operand -Wno-long-long -Wno-missing-field-initializers -Wno-overlength-strings -Wno-parentheses-equality -Wno-self-assign -Wno-tautological-compare -Wno-unused-parameter -Wno-unused-value -Wunused-variable -Wmisleading-indentation -Wundef -fno-common -pipe -DFULL_SSL_MODE_SUPPORT conftest.c -L. -L/Users/unkod/.rbenv/versions/3.4.5/lib -L/opt/homebrew/opt/openssl@3/lib -L/usr/local/opt/openssl/lib -L/opt/homebrew/opt/openssl@3/lib  -arch arm64  -L/opt/homebrew/Cellar/mysql/9.4.0/lib -lmysqlclient -lz  -lzstd  -lssl  -lcrypto -lresolv  -lruby.3.4 -Werror -Wno-switch-enum -lpthread  "
ld: warning: search path '/usr/local/opt/openssl/lib' not found
ld: library 'zstd' not found
clang: error: linker command failed with exit code 1 (use -v to see invocation)
checked program was:
/* begin */
1: #include "ruby.h"
2: 
3: int main() {return 0;}
/* end */

DYLD_LIBRARY_PATH=.:/Users/unkod/.rbenv/versions/3.4.5/lib ASAN_OPTIONS=detect_leaks=0 "clang -o conftest -I/Users/unkod/.rbenv/versions/3.4.5/include/ruby-3.4.0/arm64-darwin24 -I/Users/unkod/.rbenv/versions/3.4.5/include/ruby-3.4.0/ruby/backward -I/Users/unkod/.rbenv/versions/3.4.5/include/ruby-3.4.0 -I. -I/opt/homebrew/Cellar/mysql/9.4.0/include/mysql -I/opt/homebrew/opt/openssl@3/include -D_XOPEN_SOURCE -D_DARWIN_C_SOURCE -D_DARWIN_UNLIMITED_SELECT -D_REENTRANT   -fstack-protector-strong -U_FORTIFY_SOURCE -D_FORTIFY_SOURCE=2 -fdeclspec  -O3 -fno-fast-math -ggdb3 -Wall -Wextra -Wextra-tokens -Wdeprecated-declarations -Wdivision-by-zero -Wdiv-by-zero -Wimplicit-function-declaration -Wimplicit-int -Wpointer-arith -Wshorten-64-to-32 -Wwrite-strings -Wold-style-definition -Wmissing-noreturn -Wno-cast-function-type -Wno-constant-logical-operand -Wno-long-long -Wno-missing-field-initializers -Wno-overlength-strings -Wno-parentheses-equality -Wno-self-assign -Wno-tautological-compare -Wno-unused-parameter -Wno-unused-value -Wunused-variable -Wmisleading-indentation -Wundef -fno-common -pipe -DFULL_SSL_MODE_SUPPORT conftest.c -L. -L/Users/unkod/.rbenv/versions/3.4.5/lib -L/opt/homebrew/opt/openssl@3/lib -L/usr/local/opt/openssl/lib -L/opt/homebrew/opt/openssl@3/lib  -arch arm64  -L/opt/homebrew/Cellar/mysql/9.4.0/lib -lmysqlclient -lz  -lzstd  -lssl  -lcrypto -lresolv  -lruby.3.4 -Werror -Wno-undef -lpthread  "
ld: warning: search path '/usr/local/opt/openssl/lib' not found
ld: library 'zstd' not found
clang: error: linker command failed with exit code 1 (use -v to see invocation)
checked program was:
/* begin */
1: #include "ruby.h"
2: 
3: int main() {return 0;}
/* end */

DYLD_LIBRARY_PATH=.:/Users/unkod/.rbenv/versions/3.4.5/lib ASAN_OPTIONS=detect_leaks=0 "clang -o conftest -I/Users/unkod/.rbenv/versions/3.4.5/include/ruby-3.4.0/arm64-darwin24 -I/Users/unkod/.rbenv/versions/3.4.5/include/ruby-3.4.0/ruby/backward -I/Users/unkod/.rbenv/versions/3.4.5/include/ruby-3.4.0 -I. -I/opt/homebrew/Cellar/mysql/9.4.0/include/mysql -I/opt/homebrew/opt/openssl@3/include -D_XOPEN_SOURCE -D_DARWIN_C_SOURCE -D_DARWIN_UNLIMITED_SELECT -D_REENTRANT   -fstack-protector-strong -U_FORTIFY_SOURCE -D_FORTIFY_SOURCE=2 -fdeclspec  -O3 -fno-fast-math -ggdb3 -Wall -Wextra -Wextra-tokens -Wdeprecated-declarations -Wdivision-by-zero -Wdiv-by-zero -Wimplicit-function-declaration -Wimplicit-int -Wpointer-arith -Wshorten-64-to-32 -Wwrite-strings -Wold-style-definition -Wmissing-noreturn -Wno-cast-function-type -Wno-constant-logical-operand -Wno-long-long -Wno-missing-field-initializers -Wno-overlength-strings -Wno-parentheses-equality -Wno-self-assign -Wno-tautological-compare -Wno-unused-parameter -Wno-unused-value -Wunused-variable -Wmisleading-indentation -Wundef -fno-common -pipe -DFULL_SSL_MODE_SUPPORT conftest.c -L. -L/Users/unkod/.rbenv/versions/3.4.5/lib -L/opt/homebrew/opt/openssl@3/lib -L/usr/local/opt/openssl/lib -L/opt/homebrew/opt/openssl@3/lib  -arch arm64  -L/opt/homebrew/Cellar/mysql/9.4.0/lib -lmysqlclient -lz  -lzstd  -lssl  -lcrypto -lresolv  -lruby.3.4 -Werror -Wno-unreachable-code -lpthread  "
ld: warning: search path '/usr/local/opt/openssl/lib' not found
ld: library 'zstd' not found
clang: error: linker command failed with exit code 1 (use -v to see invocation)
checked program was:
/* begin */
1: #include "ruby.h"
2: 
3: int main() {return 0;}
/* end */

DYLD_LIBRARY_PATH=.:/Users/unkod/.rbenv/versions/3.4.5/lib ASAN_OPTIONS=detect_leaks=0 "clang -o conftest -I/Users/unkod/.rbenv/versions/3.4.5/include/ruby-3.4.0/arm64-darwin24 -I/Users/unkod/.rbenv/versions/3.4.5/include/ruby-3.4.0/ruby/backward -I/Users/unkod/.rbenv/versions/3.4.5/include/ruby-3.4.0 -I. -I/opt/homebrew/Cellar/mysql/9.4.0/include/mysql -I/opt/homebrew/opt/openssl@3/include -D_XOPEN_SOURCE -D_DARWIN_C_SOURCE -D_DARWIN_UNLIMITED_SELECT -D_REENTRANT   -fstack-protector-strong -U_FORTIFY_SOURCE -D_FORTIFY_SOURCE=2 -fdeclspec  -O3 -fno-fast-math -ggdb3 -Wall -Wextra -Wextra-tokens -Wdeprecated-declarations -Wdivision-by-zero -Wdiv-by-zero -Wimplicit-function-declaration -Wimplicit-int -Wpointer-arith -Wshorten-64-to-32 -Wwrite-strings -Wold-style-definition -Wmissing-noreturn -Wno-cast-function-type -Wno-constant-logical-operand -Wno-long-long -Wno-missing-field-initializers -Wno-overlength-strings -Wno-parentheses-equality -Wno-self-assign -Wno-tautological-compare -Wno-unused-parameter -Wno-unused-value -Wunused-variable -Wmisleading-indentation -Wundef -fno-common -pipe -DFULL_SSL_MODE_SUPPORT conftest.c -L. -L/Users/unkod/.rbenv/versions/3.4.5/lib -L/opt/homebrew/opt/openssl@3/lib -L/usr/local/opt/openssl/lib -L/opt/homebrew/opt/openssl@3/lib  -arch arm64  -L/opt/homebrew/Cellar/mysql/9.4.0/lib -lmysqlclient -lz  -lzstd  -lssl  -lcrypto -lresolv  -lruby.3.4 -Werror -Wno-used-but-marked-unused -lpthread  "
ld: warning: search path '/usr/local/opt/openssl/lib' not found
ld: library 'zstd' not found
clang: error: linker command failed with exit code 1 (use -v to see invocation)
checked program was:
/* begin */
1: #include "ruby.h"
2: 
3: int main() {return 0;}
/* end */

DYLD_LIBRARY_PATH=.:/Users/unkod/.rbenv/versions/3.4.5/lib ASAN_OPTIONS=detect_leaks=0 "clang -o conftest -I/Users/unkod/.rbenv/versions/3.4.5/include/ruby-3.4.0/arm64-darwin24 -I/Users/unkod/.rbenv/versions/3.4.5/include/ruby-3.4.0/ruby/backward -I/Users/unkod/.rbenv/versions/3.4.5/include/ruby-3.4.0 -I. -I/opt/homebrew/Cellar/mysql/9.4.0/include/mysql -I/opt/homebrew/opt/openssl@3/include -D_XOPEN_SOURCE -D_DARWIN_C_SOURCE -D_DARWIN_UNLIMITED_SELECT -D_REENTRANT   -fstack-protector-strong -U_FORTIFY_SOURCE -D_FORTIFY_SOURCE=2 -fdeclspec  -O3 -fno-fast-math -ggdb3 -Wall -Wextra -Wextra-tokens -Wdeprecated-declarations -Wdivision-by-zero -Wdiv-by-zero -Wimplicit-function-declaration -Wimplicit-int -Wpointer-arith -Wshorten-64-to-32 -Wwrite-strings -Wold-style-definition -Wmissing-noreturn -Wno-cast-function-type -Wno-constant-logical-operand -Wno-long-long -Wno-missing-field-initializers -Wno-overlength-strings -Wno-parentheses-equality -Wno-self-assign -Wno-tautological-compare -Wno-unused-parameter -Wno-unused-value -Wunused-variable -Wmisleading-indentation -Wundef -fno-common -pipe -DFULL_SSL_MODE_SUPPORT  conftest.c -L. -L/Users/unkod/.rbenv/versions/3.4.5/lib -L/opt/homebrew/opt/openssl@3/lib -L/usr/local/opt/openssl/lib -L/opt/homebrew/opt/openssl@3/lib  -arch arm64  -L/opt/homebrew/Cellar/mysql/9.4.0/lib -lmysqlclient -lz  -lzstd  -lssl  -lcrypto -lresolv  -lruby.3.4  -Wl,-rpath,/opt/homebrew/Cellar/mysql/9.4.0/lib -lpthread  "
ld: warning: search path '/usr/local/opt/openssl/lib' not found
ld: library 'zstd' not found
clang: error: linker command failed with exit code 1 (use -v to see invocation)
checked program was:
/* begin */
1: #include "ruby.h"
2: 
3: int main() {return 0;}
/* end */

